Added Component: Designator=C59(1608[0603])
Added Component: Designator=C60(1608[0603])
Added Component: Designator=C61(1608[0603])
Added Component: Designator=C62(1608[0603])
Added Component: Designator=C63(1608[0603])
Added Component: Designator=C64(1608[0603])
Added Component: Designator=C65(1608[0603])
Added Component: Designator=C66(1608[0603])
Added Component: Designator=C67(1608[0603])
Added Component: Designator=C68(1608[0603])
Added Component: Designator=C69(1608[0603])
Added Component: Designator=C70(1608[0603])
Added Component: Designator=J2(SJ1-352)
Added Component: Designator=J3(SJ1-352)
Added Component: Designator=R18(J1-0603)
Added Component: Designator=R19(J1-0603)
Added Component: Designator=R20(J1-0603)
Added Component: Designator=R21(J1-0603)
Added Component: Designator=R22(J1-0603)
Added Component: Designator=R23(J1-0603)
Added Component: Designator=R24(J1-0603)
Added Component: Designator=R25(J1-0603)
Added Component: Designator=R26(J1-0603)
Added Component: Designator=R27(J1-0603)
Added Component: Designator=R28(J1-0603)
Added Component: Designator=R29(J1-0603)
Added Component: Designator=R30(J1-0603)
Added Component: Designator=R31(J1-0603)
Added Component: Designator=R32(J1-0603)
Added Component: Designator=R33(J1-0603)
Added Component: Designator=R34(J1-0603)
Added Component: Designator=R35(J1-0603)
Added Component: Designator=R36(J1-0603)
Added Component: Designator=R37(J1-0603)
Added Component: Designator=R38(J1-0603)
Added Component: Designator=R39(J1-0603)
Added Component: Designator=R40(J1-0603)
Added Component: Designator=U16(LQFP48)
Added Component: Designator=U17(PSOP20)
Added Component: Designator=X3(HC-49U)
Added Pin To Net: NetName=GND Pin=C61-2
Added Pin To Net: NetName=GND Pin=C63-2
Added Pin To Net: NetName=GND Pin=C65-2
Added Pin To Net: NetName=GND Pin=C66-2
Added Pin To Net: NetName=3V3 Pin=C67-1
Added Pin To Net: NetName=GND Pin=C67-2
Added Pin To Net: NetName=3V3 Pin=C68-1
Added Pin To Net: NetName=GND Pin=C68-2
Added Pin To Net: NetName=3V3 Pin=C69-1
Added Pin To Net: NetName=GND Pin=C69-2
Added Pin To Net: NetName=3V3 Pin=C70-1
Added Pin To Net: NetName=GND Pin=C70-2
Added Pin To Net: NetName=GND Pin=J2-E
Added Pin To Net: NetName=GND Pin=J3-E
Added Pin To Net: NetName=3V3 Pin=R18-1
Added Pin To Net: NetName=3V3 Pin=R19-1
Added Pin To Net: NetName=3V3 Pin=R20-1
Added Pin To Net: NetName=3V3 Pin=R21-1
Added Pin To Net: NetName=3V3 Pin=R22-1
Added Pin To Net: NetName=3V3 Pin=R23-1
Added Pin To Net: NetName=3V3 Pin=R24-2
Added Pin To Net: NetName=3V3 Pin=R27-2
Added Pin To Net: NetName=3V3 Pin=R28-1
Added Pin To Net: NetName=3V3 Pin=R29-1
Added Pin To Net: NetName=3V3 Pin=R30-2
Added Pin To Net: NetName=GND Pin=R33-1
Added Pin To Net: NetName=3V3 Pin=R34-2
Added Pin To Net: NetName=GND Pin=R35-2
Added Pin To Net: NetName=GND Pin=R36-1
Added Pin To Net: NetName=GND Pin=R37-1
Added Pin To Net: NetName=GND Pin=R38-1
Added Pin To Net: NetName=GND Pin=R39-2
Added Pin To Net: NetName=GND Pin=R40-2
Added Pin To Net: NetName=GND Pin=U16-15
Added Pin To Net: NetName=GND Pin=U16-19
Added Pin To Net: NetName=3V3 Pin=U16-22
Added Pin To Net: NetName=NetU1_115 Pin=U16-29
Added Pin To Net: NetName=3V3 Pin=U16-32
Added Pin To Net: NetName=GND Pin=U16-35
Added Pin To Net: NetName=GND Pin=U16-36
Added Pin To Net: NetName=GND Pin=U16-47
Added Pin To Net: NetName=3V3 Pin=U16-48
Added Pin To Net: NetName=GND Pin=U17-1
Added Pin To Net: NetName=NetU1_115 Pin=U17-2
Added Pin To Net: NetName=GND Pin=U17-3
Added Pin To Net: NetName=GND Pin=U17-4
Added Pin To Net: NetName=3V3 Pin=U17-6
Added Pin To Net: NetName=GND Pin=U17-8
Added Pin To Net: NetName=3V3 Pin=U17-13
Added Pin To Net: NetName=3V3 Pin=U17-14
Added Pin To Net: NetName=GND Pin=U17-15
Added Pin To Net: NetName=GND Pin=U17-20
Change Net Name : Old Net Name=NetU1_115 New Net Name=RESET
Added Pin To Net: NetName=EAROUT+ Pin=J3-D
Added Pin To Net: NetName=EAROUT+ Pin=U17-5
Added Net: Name=EAROUT+
Added Pin To Net: NetName=EAROUT- Pin=J3-A
Added Pin To Net: NetName=EAROUT- Pin=U17-7
Added Net: Name=EAROUT-
Added Pin To Net: NetName=ECOL Pin=R27-1
Added Pin To Net: NetName=ECOL Pin=U1-100
Added Pin To Net: NetName=ECOL Pin=U16-42
Added Net: Name=ECOL
Added Pin To Net: NetName=ECRS Pin=R30-1
Added Pin To Net: NetName=ECRS Pin=U1-53
Added Pin To Net: NetName=ECRS Pin=U16-40
Added Net: Name=ECRS
Added Pin To Net: NetName=EMDC Pin=U1-59
Added Pin To Net: NetName=EMDC Pin=U16-31
Added Net: Name=EMDC
Added Pin To Net: NetName=EMDIO Pin=R23-2
Added Pin To Net: NetName=EMDIO Pin=U1-60
Added Pin To Net: NetName=EMDIO Pin=U16-30
Added Net: Name=EMDIO
Added Pin To Net: NetName=ERX0 Pin=R36-2
Added Pin To Net: NetName=ERX0 Pin=U1-54
Added Pin To Net: NetName=ERX0 Pin=U16-43
Added Net: Name=ERX0
Added Pin To Net: NetName=ERX1 Pin=R37-2
Added Pin To Net: NetName=ERX1 Pin=U1-55
Added Pin To Net: NetName=ERX1 Pin=U16-44
Added Net: Name=ERX1
Added Pin To Net: NetName=ERX2 Pin=R38-2
Added Pin To Net: NetName=ERX2 Pin=U1-97
Added Pin To Net: NetName=ERX2 Pin=U16-45
Added Net: Name=ERX2
Added Pin To Net: NetName=ERX3 Pin=R39-1
Added Pin To Net: NetName=ERX3 Pin=U1-98
Added Pin To Net: NetName=ERX3 Pin=U16-46
Added Net: Name=ERX3
Added Pin To Net: NetName=ERXCK Pin=U1-101
Added Pin To Net: NetName=ERXCK Pin=U16-38
Added Net: Name=ERXCK
Added Pin To Net: NetName=ERXDV Pin=R35-1
Added Pin To Net: NetName=ERXDV Pin=U1-99
Added Pin To Net: NetName=ERXDV Pin=U16-39
Added Net: Name=ERXDV
Added Pin To Net: NetName=ERXER Pin=R34-1
Added Pin To Net: NetName=ERXER Pin=U1-58
Added Pin To Net: NetName=ERXER Pin=U16-41
Added Net: Name=ERXER
Added Pin To Net: NetName=ETX0 Pin=U1-51
Added Pin To Net: NetName=ETX0 Pin=U16-3
Added Net: Name=ETX0
Added Pin To Net: NetName=ETX1 Pin=U1-52
Added Pin To Net: NetName=ETX1 Pin=U16-4
Added Net: Name=ETX1
Added Pin To Net: NetName=ETX2 Pin=U1-92
Added Pin To Net: NetName=ETX2 Pin=U16-5
Added Net: Name=ETX2
Added Pin To Net: NetName=ETX3 Pin=U1-95
Added Pin To Net: NetName=ETX3 Pin=U16-6
Added Net: Name=ETX3
Added Pin To Net: NetName=ETXCK Pin=U1-49
Added Pin To Net: NetName=ETXCK Pin=U16-1
Added Net: Name=ETXCK
Added Pin To Net: NetName=ETXEN Pin=U1-50
Added Pin To Net: NetName=ETXEN Pin=U16-2
Added Net: Name=ETXEN
Added Pin To Net: NetName=ETXER Pin=U1-96
Added Net: Name=ETXER
Added Pin To Net: NetName=MICIN+ Pin=C62-1
Added Pin To Net: NetName=MICIN+ Pin=J2-D
Added Pin To Net: NetName=MICIN+ Pin=R24-1
Added Net: Name=MICIN+
Added Pin To Net: NetName=MICIN- Pin=C64-1
Added Pin To Net: NetName=MICIN- Pin=J2-A
Added Pin To Net: NetName=MICIN- Pin=R33-2
Added Net: Name=MICIN-
Added Pin To Net: NetName=NetC59_1 Pin=C59-1
Added Pin To Net: NetName=NetC59_1 Pin=U16-34
Added Pin To Net: NetName=NetC59_1 Pin=X3-2
Added Net: Name=NetC59_1
Added Pin To Net: NetName=NetC59_2 Pin=C59-2
Added Pin To Net: NetName=NetC59_2 Pin=C60-2
Added Net: Name=NetC59_2
Added Pin To Net: NetName=NetC60_1 Pin=C60-1
Added Pin To Net: NetName=NetC60_1 Pin=U16-33
Added Pin To Net: NetName=NetC60_1 Pin=X3-1
Added Net: Name=NetC60_1
Added Pin To Net: NetName=NetC61_1 Pin=C61-1
Added Pin To Net: NetName=NetC61_1 Pin=C63-1
Added Pin To Net: NetName=NetC61_1 Pin=C65-1
Added Pin To Net: NetName=NetC61_1 Pin=C66-1
Added Pin To Net: NetName=NetC61_1 Pin=U16-18
Added Pin To Net: NetName=NetC61_1 Pin=U16-23
Added Pin To Net: NetName=NetC61_1 Pin=U16-37
Added Net: Name=NetC61_1
Added Pin To Net: NetName=NetC62_2 Pin=C62-2
Added Pin To Net: NetName=NetC62_2 Pin=R26-1
Added Net: Name=NetC62_2
Added Pin To Net: NetName=NetC64_2 Pin=C64-2
Added Pin To Net: NetName=NetC64_2 Pin=R32-1
Added Net: Name=NetC64_2
Added Pin To Net: NetName=NetJ1_1 Pin=U16-17
Added Net: Name=NetJ1_1
Added Pin To Net: NetName=NetJ1_3 Pin=U16-16
Added Net: Name=NetJ1_3
Added Pin To Net: NetName=NetJ1_4 Pin=U16-14
Added Net: Name=NetJ1_4
Added Pin To Net: NetName=NetJ1_6 Pin=U16-13
Added Net: Name=NetJ1_6
Added Pin To Net: NetName=NetJ1_9 Pin=R20-2
Added Pin To Net: NetName=NetJ1_9 Pin=U16-26
Added Net: Name=NetJ1_9
Added Pin To Net: NetName=NetJ1_10 Pin=R21-2
Added Net: Name=NetJ1_10
Added Pin To Net: NetName=NetJ1_11 Pin=R18-2
Added Pin To Net: NetName=NetJ1_11 Pin=U16-28
Added Net: Name=NetJ1_11
Added Pin To Net: NetName=NetJ1_12 Pin=R22-2
Added Net: Name=NetJ1_12
Added Pin To Net: NetName=NetR19_2 Pin=R19-2
Added Pin To Net: NetName=NetR19_2 Pin=U16-27
Added Net: Name=NetR19_2
Added Pin To Net: NetName=NetR25_1 Pin=R25-1
Added Pin To Net: NetName=NetR25_1 Pin=R26-2
Added Pin To Net: NetName=NetR25_1 Pin=U17-11
Added Net: Name=NetR25_1
Added Pin To Net: NetName=NetR25_2 Pin=R25-2
Added Pin To Net: NetName=NetR25_2 Pin=U17-9
Added Net: Name=NetR25_2
Added Pin To Net: NetName=NetR28_2 Pin=R28-2
Added Pin To Net: NetName=NetR28_2 Pin=U16-21
Added Net: Name=NetR28_2
Added Pin To Net: NetName=NetR29_2 Pin=R29-2
Added Pin To Net: NetName=NetR29_2 Pin=U16-20
Added Net: Name=NetR29_2
Added Pin To Net: NetName=NetR31_1 Pin=R31-1
Added Pin To Net: NetName=NetR31_1 Pin=R32-2
Added Pin To Net: NetName=NetR31_1 Pin=U17-10
Added Net: Name=NetR31_1
Added Pin To Net: NetName=NetR31_2 Pin=R31-2
Added Pin To Net: NetName=NetR31_2 Pin=U17-12
Added Net: Name=NetR31_2
Added Pin To Net: NetName=NetR40_1 Pin=R40-1
Added Pin To Net: NetName=NetR40_1 Pin=U16-24
Added Net: Name=NetR40_1
Added Pin To Net: NetName=RD0 Pin=U17-17
Added Net: Name=RD0
Added Pin To Net: NetName=TD0 Pin=U17-16
Added Net: Name=TD0
Added Pin To Net: NetName=TF0 Pin=U17-18
Added Net: Name=TF0
Added Pin To Net: NetName=TK0 Pin=U17-19
Added Net: Name=TK0
Added Member To Class: ClassName=Main Member=Component C59 
Added Member To Class: ClassName=Main Member=Component C60 
Added Member To Class: ClassName=Main Member=Component C61 Tant
Added Member To Class: ClassName=Main Member=Component C62 
Added Member To Class: ClassName=Main Member=Component C63 Tant
Added Member To Class: ClassName=Main Member=Component C64 
Added Member To Class: ClassName=Main Member=Component C65 Tant
Added Member To Class: ClassName=Main Member=Component C66 Tant
Added Member To Class: ClassName=Main Member=Component C67 
Added Member To Class: ClassName=Main Member=Component C68 
Added Member To Class: ClassName=Main Member=Component C69 
Added Member To Class: ClassName=Main Member=Component C70 
Added Member To Class: ClassName=Main Member=Component J2 Speaker
Added Member To Class: ClassName=Main Member=Component J3 Microphone
Added Member To Class: ClassName=Main Member=Component R18 Res3
Added Member To Class: ClassName=Main Member=Component R19 Res3
Added Member To Class: ClassName=Main Member=Component R20 Res3
Added Member To Class: ClassName=Main Member=Component R21 Res3
Added Member To Class: ClassName=Main Member=Component R22 Res3
Added Member To Class: ClassName=Main Member=Component R23 Res3
Added Member To Class: ClassName=Main Member=Component R24 Res3
Added Member To Class: ClassName=Main Member=Component R25 Res3
Added Member To Class: ClassName=Main Member=Component R26 Res3
Added Member To Class: ClassName=Main Member=Component R27 Res3
Added Member To Class: ClassName=Main Member=Component R28 Res3
Added Member To Class: ClassName=Main Member=Component R29 Res3
Added Member To Class: ClassName=Main Member=Component R30 Res3
Added Member To Class: ClassName=Main Member=Component R31 Res3
Added Member To Class: ClassName=Main Member=Component R32 Res3
Added Member To Class: ClassName=Main Member=Component R33 Res3
Added Member To Class: ClassName=Main Member=Component R34 Res3
Added Member To Class: ClassName=Main Member=Component R35 Res3
Added Member To Class: ClassName=Main Member=Component R36 Res3
Added Member To Class: ClassName=Main Member=Component R37 Res3
Added Member To Class: ClassName=Main Member=Component R38 Res3
Added Member To Class: ClassName=Main Member=Component R39 Res3
Added Member To Class: ClassName=Main Member=Component R40 Res3
Added Member To Class: ClassName=Main Member=Component U16 DP83848
Added Member To Class: ClassName=Main Member=Component U17 TLV320AIC1106
Added Member To Class: ClassName=Main Member=Component X3 25 MHz
Added Room: Name=Main
