Added Member To Class: ClassName=Main Member=Component * Q?
Added Member To Class: ClassName=Main Member=Component C1 
Added Member To Class: ClassName=Main Member=Component C2 
Added Member To Class: ClassName=Main Member=Component C3 
Added Member To Class: ClassName=Main Member=Component C4 
Added Member To Class: ClassName=Main Member=Component C5 
Added Member To Class: ClassName=Main Member=Component C6 
Added Member To Class: ClassName=Main Member=Component C7 
Added Member To Class: ClassName=Main Member=Component C8 
Added Member To Class: ClassName=Main Member=Component C9 
Added Member To Class: ClassName=Main Member=Component C10 
Added Member To Class: ClassName=Main Member=Component C11 
Added Member To Class: ClassName=Main Member=Component C12 
Added Member To Class: ClassName=Main Member=Component C13 
Added Member To Class: ClassName=Main Member=Component C14 
Added Member To Class: ClassName=Main Member=Component C15 
Added Member To Class: ClassName=Main Member=Component C16 
Added Member To Class: ClassName=Main Member=Component C17 
Added Member To Class: ClassName=Main Member=Component C18 
Added Member To Class: ClassName=Main Member=Component C19 
Added Member To Class: ClassName=Main Member=Component C20 
Added Member To Class: ClassName=Main Member=Component C21 
Added Member To Class: ClassName=Main Member=Component C22 
Added Member To Class: ClassName=Main Member=Component C23 
Added Member To Class: ClassName=Main Member=Component C24 
Added Member To Class: ClassName=Main Member=Component C25 
Added Member To Class: ClassName=Main Member=Component C26 
Added Member To Class: ClassName=Main Member=Component C27 
Added Member To Class: ClassName=Main Member=Component C28 
Added Member To Class: ClassName=Main Member=Component C29 
Added Member To Class: ClassName=Main Member=Component C30 
Added Member To Class: ClassName=Main Member=Component C31 
Added Member To Class: ClassName=Main Member=Component C32 
Added Member To Class: ClassName=Main Member=Component C33 
Added Member To Class: ClassName=Main Member=Component C34 
Added Member To Class: ClassName=Main Member=Component C35 
Added Member To Class: ClassName=Main Member=Component C36 
Added Member To Class: ClassName=Main Member=Component C37 
Added Member To Class: ClassName=Main Member=Component C38 
Added Member To Class: ClassName=Main Member=Component C39 
Added Member To Class: ClassName=Main Member=Component C40 
Added Member To Class: ClassName=Main Member=Component C41 
Added Member To Class: ClassName=Main Member=Component C42 
Added Member To Class: ClassName=Main Member=Component C43 
Added Member To Class: ClassName=Main Member=Component C44 
Added Member To Class: ClassName=Main Member=Component C45 
Added Member To Class: ClassName=Main Member=Component C46 
Added Member To Class: ClassName=Main Member=Component C47 
Added Member To Class: ClassName=Main Member=Component C48 
Added Member To Class: ClassName=Main Member=Component C49 
Added Member To Class: ClassName=Main Member=Component C50 
Added Member To Class: ClassName=Main Member=Component C51 
Added Member To Class: ClassName=Main Member=Component C52 
Added Member To Class: ClassName=Main Member=Component C53 
Added Member To Class: ClassName=Main Member=Component C54 
Added Member To Class: ClassName=Main Member=Component C55 
Added Member To Class: ClassName=Main Member=Component C56 
Added Member To Class: ClassName=Main Member=Component C57 
Added Member To Class: ClassName=Main Member=Component C58 
Added Member To Class: ClassName=Main Member=Component C59 
Added Member To Class: ClassName=Main Member=Component C60 
Added Member To Class: ClassName=Main Member=Component C61 Tant
Added Member To Class: ClassName=Main Member=Component C62 
Added Member To Class: ClassName=Main Member=Component C63 Tant
Added Member To Class: ClassName=Main Member=Component C64 
Added Member To Class: ClassName=Main Member=Component C65 Tant
Added Member To Class: ClassName=Main Member=Component C66 Tant
Added Member To Class: ClassName=Main Member=Component C67 
Added Member To Class: ClassName=Main Member=Component C68 
Added Member To Class: ClassName=Main Member=Component C69 
Added Member To Class: ClassName=Main Member=Component C70 
Added Member To Class: ClassName=Main Member=Component DISP1 Newhaven Display NHD-C12832A1Z-FSW-FBW-3V3
Added Member To Class: ClassName=Main Member=Component J2 Speaker
Added Member To Class: ClassName=Main Member=Component J3 Microphone
Added Member To Class: ClassName=Main Member=Component JTAG_SEL Header 3
Added Member To Class: ClassName=Main Member=Component K1 KEYPAD4X4
Added Member To Class: ClassName=Main Member=Component P1 Header 10X2
Added Member To Class: ClassName=Main Member=Component Q1 JFET-P
Added Member To Class: ClassName=Main Member=Component R1 Res3
Added Member To Class: ClassName=Main Member=Component R2 Res3
Added Member To Class: ClassName=Main Member=Component R3 Res3
Added Member To Class: ClassName=Main Member=Component R4 Res3
Added Member To Class: ClassName=Main Member=Component R5 Res3
Added Member To Class: ClassName=Main Member=Component R6 Res3
Added Member To Class: ClassName=Main Member=Component R7 Res3
Added Member To Class: ClassName=Main Member=Component R8 Res3
Added Member To Class: ClassName=Main Member=Component R9 Res3
Added Member To Class: ClassName=Main Member=Component R10 Res3
Added Member To Class: ClassName=Main Member=Component R11 Res3
Added Member To Class: ClassName=Main Member=Component R12 Res3
Added Member To Class: ClassName=Main Member=Component R13 Res3
Added Member To Class: ClassName=Main Member=Component R14 Res3
Added Member To Class: ClassName=Main Member=Component R15 Res3
Added Member To Class: ClassName=Main Member=Component R16 Res3
Added Member To Class: ClassName=Main Member=Component R17 Res3
Added Member To Class: ClassName=Main Member=Component R18 Res3
Added Member To Class: ClassName=Main Member=Component R19 Res3
Added Member To Class: ClassName=Main Member=Component R20 Res3
Added Member To Class: ClassName=Main Member=Component R21 Res3
Added Member To Class: ClassName=Main Member=Component R22 Res3
Added Member To Class: ClassName=Main Member=Component R23 Res3
Added Member To Class: ClassName=Main Member=Component R24 Res3
Added Member To Class: ClassName=Main Member=Component R25 Res3
Added Member To Class: ClassName=Main Member=Component R26 Res3
Added Member To Class: ClassName=Main Member=Component R27 Res3
Added Member To Class: ClassName=Main Member=Component R28 Res3
Added Member To Class: ClassName=Main Member=Component R29 Res3
Added Member To Class: ClassName=Main Member=Component R30 Res3
Added Member To Class: ClassName=Main Member=Component R31 Res3
Added Member To Class: ClassName=Main Member=Component R32 Res3
Added Member To Class: ClassName=Main Member=Component R33 Res3
Added Member To Class: ClassName=Main Member=Component R34 Res3
Added Member To Class: ClassName=Main Member=Component R35 Res3
Added Member To Class: ClassName=Main Member=Component R36 Res3
Added Member To Class: ClassName=Main Member=Component R37 Res3
Added Member To Class: ClassName=Main Member=Component R38 Res3
Added Member To Class: ClassName=Main Member=Component R39 Res3
Added Member To Class: ClassName=Main Member=Component R40 Res3
Added Member To Class: ClassName=Main Member=Component SW1 SHADOWSW
Added Member To Class: ClassName=Main Member=Component SW_HangUp SHADOWSW
Added Member To Class: ClassName=Main Member=Component U1 AT91RM9200
Added Member To Class: ClassName=Main Member=Component U2 74LVT16245
Added Member To Class: ClassName=Main Member=Component U3 MAX705
Added Member To Class: ClassName=Main Member=Component U4 74LVT16245
Added Member To Class: ClassName=Main Member=Component U6 SRAM IDT71V016
Added Member To Class: ClassName=Main Member=Component U7 ROM 29LV040
Added Member To Class: ClassName=Main Member=Component U8 74LVT16245
Added Member To Class: ClassName=Main Member=Component U9 TI-CD40109B-16
Added Member To Class: ClassName=Main Member=Component U10 TI-CD40109B-16
Added Member To Class: ClassName=Main Member=Component U11 TI-CD40109B-16
Added Member To Class: ClassName=Main Member=Component U12 TI-CD40109B-16
Added Member To Class: ClassName=Main Member=Component U13 MM74C923
Added Member To Class: ClassName=Main Member=Component U14 TI-CD40109B-16
Added Member To Class: ClassName=Main Member=Component U15 24AA32
Added Member To Class: ClassName=Main Member=Component U16 DP83848
Added Member To Class: ClassName=Main Member=Component U17 TLV320AIC1106
Added Member To Class: ClassName=Main Member=Component X1 20 MHz
Added Member To Class: ClassName=Main Member=Component X2 32.768 kHz
Added Member To Class: ClassName=Main Member=Component X3 25 MHz
