Added Component: Designator=P2(HDR1X4)
Added Component: Designator=P3(HDR1X3)
Added Component: Designator=R45(J1-0603)
Added Component: Designator=R46(J1-0603)
Added Component: Designator=U18(SSOP48)
Added Component: Designator=U19(SSOP48)
Added Component: Designator=U20(SIMM30)
Added Component: Designator=U21(SSOP48)
Added Pin To Net: NetName=5V Pin=P3-1
Added Pin To Net: NetName=GND Pin=P3-3
Added Pin To Net: NetName=3V3 Pin=R45-2
Added Pin To Net: NetName=3V3 Pin=R46-2
Added Pin To Net: NetName=NCS3V3B2 Pin=U5-25
Added Pin To Net: NetName=NWE_3V3_BUF Pin=U5-26
Added Pin To Net: NetName=RESET Pin=U5-35
Added Pin To Net: NetName=NetU1_170 Pin=U18-1
Added Pin To Net: NetName=GND Pin=U18-4
Added Pin To Net: NetName=3V3 Pin=U18-7
Added Pin To Net: NetName=GND Pin=U18-10
Added Pin To Net: NetName=GND Pin=U18-15
Added Pin To Net: NetName=3V3 Pin=U18-18
Added Pin To Net: NetName=GND Pin=U18-21
Added Pin To Net: NetName=NetU1_170 Pin=U18-24
Added Pin To Net: NetName=GND Pin=U18-25
Added Pin To Net: NetName=GND Pin=U18-28
Added Pin To Net: NetName=3V3 Pin=U18-31
Added Pin To Net: NetName=GND Pin=U18-34
Added Pin To Net: NetName=DATA7 Pin=U18-37
Added Pin To Net: NetName=DATA6 Pin=U18-38
Added Pin To Net: NetName=GND Pin=U18-39
Added Pin To Net: NetName=DATA5 Pin=U18-40
Added Pin To Net: NetName=DATA4 Pin=U18-41
Added Pin To Net: NetName=3V3 Pin=U18-42
Added Pin To Net: NetName=DATA3 Pin=U18-43
Added Pin To Net: NetName=DATA2 Pin=U18-44
Added Pin To Net: NetName=GND Pin=U18-45
Added Pin To Net: NetName=DATA1 Pin=U18-46
Added Pin To Net: NetName=DATA0 Pin=U18-47
Added Pin To Net: NetName=GND Pin=U18-48
Added Pin To Net: NetName=3V3 Pin=U19-1
Added Pin To Net: NetName=GND Pin=U19-4
Added Pin To Net: NetName=3V3 Pin=U19-7
Added Pin To Net: NetName=GND Pin=U19-10
Added Pin To Net: NetName=GND Pin=U19-15
Added Pin To Net: NetName=3V3 Pin=U19-18
Added Pin To Net: NetName=GND Pin=U19-21
Added Pin To Net: NetName=3V3 Pin=U19-24
Added Pin To Net: NetName=GND Pin=U19-28
Added Pin To Net: NetName=3V3 Pin=U19-31
Added Pin To Net: NetName=GND Pin=U19-34
Added Pin To Net: NetName=ADDR9 Pin=U19-35
Added Pin To Net: NetName=ADDR8 Pin=U19-36
Added Pin To Net: NetName=ADDR7 Pin=U19-37
Added Pin To Net: NetName=ADDR6 Pin=U19-38
Added Pin To Net: NetName=GND Pin=U19-39
Added Pin To Net: NetName=ADDR5 Pin=U19-40
Added Pin To Net: NetName=ADDR4 Pin=U19-41
Added Pin To Net: NetName=3V3 Pin=U19-42
Added Pin To Net: NetName=ADDR3 Pin=U19-43
Added Pin To Net: NetName=ADDR2 Pin=U19-44
Added Pin To Net: NetName=GND Pin=U19-45
Added Pin To Net: NetName=ADDR1 Pin=U19-46
Added Pin To Net: NetName=ADDR0 Pin=U19-47
Added Pin To Net: NetName=VCC Pin=U20-1
Added Pin To Net: NetName=GND Pin=U20-9
Added Pin To Net: NetName=GND Pin=U20-22
Added Pin To Net: NetName=VCC Pin=U20-30
Added Pin To Net: NetName=3V3 Pin=U21-1
Added Pin To Net: NetName=GND Pin=U21-4
Added Pin To Net: NetName=3V3 Pin=U21-7
Added Pin To Net: NetName=GND Pin=U21-10
Added Pin To Net: NetName=GND Pin=U21-15
Added Pin To Net: NetName=3V3 Pin=U21-18
Added Pin To Net: NetName=GND Pin=U21-21
Added Pin To Net: NetName=3V3 Pin=U21-24
Added Pin To Net: NetName=GND Pin=U21-28
Added Pin To Net: NetName=3V3 Pin=U21-31
Added Pin To Net: NetName=GND Pin=U21-34
Added Pin To Net: NetName=ADDR19 Pin=U21-35
Added Pin To Net: NetName=ADDR18 Pin=U21-36
Added Pin To Net: NetName=ADDR17 Pin=U21-37
Added Pin To Net: NetName=ADDR16 Pin=U21-38
Added Pin To Net: NetName=GND Pin=U21-39
Added Pin To Net: NetName=ADDR15 Pin=U21-40
Added Pin To Net: NetName=ADDR14 Pin=U21-41
Added Pin To Net: NetName=3V3 Pin=U21-42
Added Pin To Net: NetName=ADDR13 Pin=U21-43
Added Pin To Net: NetName=ADDR12 Pin=U21-44
Added Pin To Net: NetName=GND Pin=U21-45
Added Pin To Net: NetName=ADDR11 Pin=U21-46
Added Pin To Net: NetName=ADDR10 Pin=U21-47
Change Net Name : Old Net Name=NetU1_170 New Net Name=NRD
Added Pin To Net: NetName=A_5V_0 Pin=U19-2
Added Pin To Net: NetName=A_5V_0 Pin=U20-4
Added Pin To Net: NetName=A_5V_0 Pin=U21-2
Added Net: Name=A_5V_0
Added Pin To Net: NetName=A_5V_1 Pin=U19-3
Added Pin To Net: NetName=A_5V_1 Pin=U20-5
Added Pin To Net: NetName=A_5V_1 Pin=U21-3
Added Net: Name=A_5V_1
Added Pin To Net: NetName=A_5V_2 Pin=U19-5
Added Pin To Net: NetName=A_5V_2 Pin=U20-7
Added Pin To Net: NetName=A_5V_2 Pin=U21-5
Added Net: Name=A_5V_2
Added Pin To Net: NetName=A_5V_3 Pin=U19-6
Added Pin To Net: NetName=A_5V_3 Pin=U20-8
Added Pin To Net: NetName=A_5V_3 Pin=U21-6
Added Net: Name=A_5V_3
Added Pin To Net: NetName=A_5V_4 Pin=U19-8
Added Pin To Net: NetName=A_5V_4 Pin=U20-11
Added Pin To Net: NetName=A_5V_4 Pin=U21-8
Added Net: Name=A_5V_4
Added Pin To Net: NetName=A_5V_5 Pin=U19-9
Added Pin To Net: NetName=A_5V_5 Pin=U20-12
Added Pin To Net: NetName=A_5V_5 Pin=U21-9
Added Net: Name=A_5V_5
Added Pin To Net: NetName=A_5V_6 Pin=U19-11
Added Pin To Net: NetName=A_5V_6 Pin=U20-14
Added Pin To Net: NetName=A_5V_6 Pin=U21-11
Added Net: Name=A_5V_6
Added Pin To Net: NetName=A_5V_7 Pin=U19-12
Added Pin To Net: NetName=A_5V_7 Pin=U20-15
Added Pin To Net: NetName=A_5V_7 Pin=U21-12
Added Net: Name=A_5V_7
Added Pin To Net: NetName=A_5V_8 Pin=U19-13
Added Pin To Net: NetName=A_5V_8 Pin=U20-17
Added Pin To Net: NetName=A_5V_8 Pin=U21-13
Added Net: Name=A_5V_8
Added Pin To Net: NetName=A_5V_9 Pin=U19-14
Added Pin To Net: NetName=A_5V_9 Pin=U20-18
Added Pin To Net: NetName=A_5V_9 Pin=U21-14
Added Net: Name=A_5V_9
Added Pin To Net: NetName=CAS Pin=U5-19
Added Pin To Net: NetName=CAS Pin=U20-2
Added Net: Name=CAS
Added Pin To Net: NetName=COL_ADDR_EN Pin=R46-1
Added Pin To Net: NetName=COL_ADDR_EN Pin=U5-22
Added Pin To Net: NetName=COL_ADDR_EN Pin=U21-25
Added Pin To Net: NetName=COL_ADDR_EN Pin=U21-48
Added Net: Name=COL_ADDR_EN
Added Pin To Net: NetName=D_5V0 Pin=U18-2
Added Pin To Net: NetName=D_5V0 Pin=U20-3
Added Net: Name=D_5V0
Added Pin To Net: NetName=D_5V1 Pin=U18-3
Added Pin To Net: NetName=D_5V1 Pin=U20-6
Added Net: Name=D_5V1
Added Pin To Net: NetName=D_5V2 Pin=U18-5
Added Pin To Net: NetName=D_5V2 Pin=U20-10
Added Net: Name=D_5V2
Added Pin To Net: NetName=D_5V3 Pin=U18-6
Added Pin To Net: NetName=D_5V3 Pin=U20-13
Added Net: Name=D_5V3
Added Pin To Net: NetName=D_5V4 Pin=U18-8
Added Pin To Net: NetName=D_5V4 Pin=U20-16
Added Net: Name=D_5V4
Added Pin To Net: NetName=D_5V5 Pin=U18-9
Added Pin To Net: NetName=D_5V5 Pin=U20-20
Added Net: Name=D_5V5
Added Pin To Net: NetName=D_5V6 Pin=U18-11
Added Pin To Net: NetName=D_5V6 Pin=U20-23
Added Net: Name=D_5V6
Added Pin To Net: NetName=D_5V7 Pin=U18-12
Added Pin To Net: NetName=D_5V7 Pin=U20-25
Added Net: Name=D_5V7
Added Pin To Net: NetName=DRAM_WE Pin=U5-20
Added Pin To Net: NetName=DRAM_WE Pin=U20-21
Added Net: Name=DRAM_WE
Added Pin To Net: NetName=NetP2_1 Pin=P2-1
Added Pin To Net: NetName=NetP2_1 Pin=U5-14
Added Net: Name=NetP2_1
Added Pin To Net: NetName=NetP2_2 Pin=P2-2
Added Pin To Net: NetName=NetP2_2 Pin=U5-24
Added Net: Name=NetP2_2
Added Pin To Net: NetName=NetP2_3 Pin=P2-3
Added Pin To Net: NetName=NetP2_3 Pin=U5-36
Added Net: Name=NetP2_3
Added Pin To Net: NetName=NetP2_4 Pin=P2-4
Added Pin To Net: NetName=NetP2_4 Pin=U5-33
Added Net: Name=NetP2_4
Added Pin To Net: NetName=NetP3_2 Pin=P3-2
Added Pin To Net: NetName=NetP3_2 Pin=U5-13
Added Net: Name=NetP3_2
Added Pin To Net: NetName=PCK0 Pin=U1-122
Added Pin To Net: NetName=PCK0 Pin=U5-11
Added Net: Name=PCK0
Added Pin To Net: NetName=RAS Pin=U5-18
Added Pin To Net: NetName=RAS Pin=U20-27
Added Net: Name=RAS
Added Pin To Net: NetName=ROW_ADDR_EN Pin=R45-1
Added Pin To Net: NetName=ROW_ADDR_EN Pin=U5-21
Added Pin To Net: NetName=ROW_ADDR_EN Pin=U19-25
Added Pin To Net: NetName=ROW_ADDR_EN Pin=U19-48
Added Net: Name=ROW_ADDR_EN
Added Member To Class: ClassName=Main Member=Component P2 Header 4
Added Member To Class: ClassName=Main Member=Component P3 Header 3
Added Member To Class: ClassName=Main Member=Component R45 Res3
Added Member To Class: ClassName=Main Member=Component R46 Res3
Added Member To Class: ClassName=Main Member=Component U18 74LVT16245
Added Member To Class: ClassName=Main Member=Component U19 74LVT16245
Added Member To Class: ClassName=Main Member=Component U20 DRAM1MX8
Added Member To Class: ClassName=Main Member=Component U21 74LVT16245
Added Room: Name=Main
