Added Component: Designator=C79(1608[0603])
Add component. Clean all parameters for all variants
Add component (AddParameter): Name = "LatestRevisionDate"; Value = "29-May-2009"; VariantName = "[No Variations]"
Add component (AddParameter): Name = "LatestRevisionNote"; Value = "IPC-7351 Footprint Added."; VariantName = "[No Variations]"
Add component (AddParameter): Name = "PackageDescription"; Value = "Chip Capacitor"; VariantName = "[No Variations]"
Add component (AddParameter): Name = "PackageReference"; Value = "C1206"; VariantName = "[No Variations]"
Add component (AddParameter): Name = "Published"; Value = "8-Jun-2000"; VariantName = "[No Variations]"
Add component (AddParameter): Name = "Publisher"; Value = "Altium Limited"; VariantName = "[No Variations]"
Add component (AddParameter): Name = "Value"; Value = "1uF"; VariantName = "[No Variations]"
Added Component: Designator=P5(HDR2X8)
Add component. Clean all parameters for all variants
Add component (AddParameter): Name = "LatestRevisionDate"; Value = "17-Jul-2002"; VariantName = "[No Variations]"
Add component (AddParameter): Name = "LatestRevisionNote"; Value = "Re-released for DXP Platform."; VariantName = "[No Variations]"
Add component (AddParameter): Name = "Publisher"; Value = "Altium Limited"; VariantName = "[No Variations]"
Added Component: Designator=P6(HDR2X8)
Add component. Clean all parameters for all variants
Add component (AddParameter): Name = "LatestRevisionDate"; Value = "17-Jul-2002"; VariantName = "[No Variations]"
Add component (AddParameter): Name = "LatestRevisionNote"; Value = "Re-released for DXP Platform."; VariantName = "[No Variations]"
Add component (AddParameter): Name = "Publisher"; Value = "Altium Limited"; VariantName = "[No Variations]"
Added Pin To Net: NetName=GND Pin=C79-1
Added Pin To Net: NetName=3V Pin=C79-2
Added Pin To Net: NetName=NetP5_1 Pin=P5-1
Added Pin To Net: NetName=NetP5_2 Pin=P5-2
Added Pin To Net: NetName=NetP5_3 Pin=P5-3
Added Pin To Net: NetName=NetP5_4 Pin=P5-4
Added Pin To Net: NetName=NetP5_5 Pin=P5-5
Added Pin To Net: NetName=NetP5_6 Pin=P5-6
Added Pin To Net: NetName=NetP5_7 Pin=P5-7
Added Pin To Net: NetName=NetP5_8 Pin=P5-8
Added Pin To Net: NetName=NetP5_9 Pin=P5-9
Added Pin To Net: NetName=NetP5_10 Pin=P5-10
Added Pin To Net: NetName=NetP5_11 Pin=P5-11
Added Pin To Net: NetName=NetP5_12 Pin=P5-12
Added Pin To Net: NetName=NetP5_13 Pin=P5-13
Added Pin To Net: NetName=NetP5_14 Pin=P5-14
Added Pin To Net: NetName=NetP5_15 Pin=P5-15
Added Pin To Net: NetName=NetP5_16 Pin=P5-16
Added Pin To Net: NetName=NCS3V3B2 Pin=P6-1
Added Pin To Net: NetName=JTAG_NTRST Pin=P6-2
Added Pin To Net: NetName=NWE_3V3_BUF Pin=P6-3
Added Pin To Net: NetName=RESET Pin=P6-4
Added Pin To Net: NetName=NWAIT Pin=P6-5
Added Pin To Net: NetName=NTRST Pin=P6-6
Added Pin To Net: NetName=PCK0 Pin=P6-7
Added Pin To Net: NetName=RAS Pin=P6-8
Added Pin To Net: NetName=PCK1 Pin=P6-9
Added Pin To Net: NetName=CAS Pin=P6-10
Added Pin To Net: NetName=DRAM_WE Pin=P6-12
Added Pin To Net: NetName=ROW_ADDR_EN Pin=P6-14
Added Pin To Net: NetName=COL_ADDR_EN Pin=P6-16
Added Member To Class: ClassName=Main Member=Component C79 
Added Member To Class: ClassName=Main Member=Component P5 Header 8X2
Added Member To Class: ClassName=Main Member=Component P6 Header 8X2
Added Room: Name=Main
