Added Component: Designator=C1(1608[0603])
Added Component: Designator=C2(1608[0603])
Added Component: Designator=C3(1608[0603])
Added Component: Designator=C4(1608[0603])
Added Component: Designator=C5(1608[0603])
Added Component: Designator=C6(1608[0603])
Added Component: Designator=C7(1608[0603])
Added Component: Designator=C8(1608[0603])
Added Component: Designator=C9(1608[0603])
Added Component: Designator=C10(1608[0603])
Added Component: Designator=C11(1608[0603])
Added Component: Designator=C12(1608[0603])
Added Component: Designator=C13(1608[0603])
Added Component: Designator=C14(1608[0603])
Added Component: Designator=C15(1608[0603])
Added Component: Designator=C16(1608[0603])
Added Component: Designator=C17(1608[0603])
Added Component: Designator=C18(1608[0603])
Added Component: Designator=C19(1608[0603])
Added Component: Designator=C20(1608[0603])
Added Component: Designator=C21(1608[0603])
Added Component: Designator=C22(1608[0603])
Added Component: Designator=C23(1608[0603])
Added Component: Designator=C24(1608[0603])
Added Component: Designator=C25(1608[0603])
Added Component: Designator=C26(1608[0603])
Added Component: Designator=C27(1608[0603])
Added Component: Designator=C28(1608[0603])
Added Component: Designator=C29(1608[0603])
Added Component: Designator=C30(1608[0603])
Added Component: Designator=C31(1608[0603])
Added Component: Designator=C32(1608[0603])
Added Component: Designator=C33(1608[0603])
Added Component: Designator=C34(1608[0603])
Added Component: Designator=JTAG_SEL(HDR1X3)
Added Component: Designator=P1(HDR2X10)
Added Component: Designator=Q1(TO-18A)
Added Component: Designator=R1(J1-0603)
Added Component: Designator=R2(J1-0603)
Added Component: Designator=R3(J1-0603)
Added Component: Designator=R4(J1-0603)
Added Component: Designator=R5(J1-0603)
Added Component: Designator=R6(J1-0603)
Added Component: Designator=R7(J1-0603)
Added Component: Designator=R8(J1-0603)
Added Component: Designator=R9(J1-0603)
Added Component: Designator=R10(J1-0603)
Added Component: Designator=R11(J1-0603)
Added Component: Designator=R12(J1-0603)
Added Component: Designator=R13(J1-0603)
Added Component: Designator=R14(J1-0603)
Added Component: Designator=SW1(SHADOWSW)
Added Component: Designator=U1(PQFP208)
Added Component: Designator=U2(SSOP48)
Added Component: Designator=U3(DIP8)
Added Component: Designator=U4(SSOP48)
Added Component: Designator=X1(HC-49U)
Added Component: Designator=X2(HC-49U)
Added Pin To Net: NetName=1V8 Pin=C5-2
Added Pin To Net: NetName=1V8 Pin=C7-2
Added Pin To Net: NetName=1V8 Pin=C9-2
Added Pin To Net: NetName=1V8 Pin=C11-2
Added Pin To Net: NetName=1V8 Pin=C13-2
Added Pin To Net: NetName=1V8 Pin=C15-2
Added Pin To Net: NetName=1V8 Pin=C17-2
Added Pin To Net: NetName=1V8 Pin=C19-2
Added Pin To Net: NetName=1V8 Pin=U1-19
Added Pin To Net: NetName=1V8 Pin=U1-28
Added Pin To Net: NetName=1V8 Pin=U1-33
Added Pin To Net: NetName=1V8 Pin=U1-37
Added Pin To Net: NetName=1V8 Pin=U1-62
Added Pin To Net: NetName=1V8 Pin=U1-116
Added Pin To Net: NetName=1V8 Pin=U1-152
Added Pin To Net: NetName=1V8 Pin=U1-188
Added Net: Name=1V8
Added Pin To Net: NetName=3V3 Pin=C1-1
Added Pin To Net: NetName=3V3 Pin=C2-1
Added Pin To Net: NetName=3V3 Pin=C3-1
Added Pin To Net: NetName=3V3 Pin=C4-1
Added Pin To Net: NetName=3V3 Pin=C6-1
Added Pin To Net: NetName=3V3 Pin=C8-1
Added Pin To Net: NetName=3V3 Pin=C10-1
Added Pin To Net: NetName=3V3 Pin=C12-1
Added Pin To Net: NetName=3V3 Pin=C14-1
Added Pin To Net: NetName=3V3 Pin=C16-1
Added Pin To Net: NetName=3V3 Pin=C18-1
Added Pin To Net: NetName=3V3 Pin=C20-1
Added Pin To Net: NetName=3V3 Pin=C21-1
Added Pin To Net: NetName=3V3 Pin=C24-1
Added Pin To Net: NetName=3V3 Pin=C25-2
Added Pin To Net: NetName=3V3 Pin=C33-1
Added Pin To Net: NetName=3V3 Pin=C34-2
Added Pin To Net: NetName=3V3 Pin=P1-1
Added Pin To Net: NetName=3V3 Pin=R3-2
Added Pin To Net: NetName=3V3 Pin=R5-2
Added Pin To Net: NetName=3V3 Pin=R7-2
Added Pin To Net: NetName=3V3 Pin=R8-2
Added Pin To Net: NetName=3V3 Pin=R9-2
Added Pin To Net: NetName=3V3 Pin=R10-2
Added Pin To Net: NetName=3V3 Pin=R11-2
Added Pin To Net: NetName=3V3 Pin=R12-2
Added Pin To Net: NetName=3V3 Pin=U1-7
Added Pin To Net: NetName=3V3 Pin=U1-26
Added Pin To Net: NetName=3V3 Pin=U1-40
Added Pin To Net: NetName=3V3 Pin=U1-56
Added Pin To Net: NetName=3V3 Pin=U1-75
Added Pin To Net: NetName=3V3 Pin=U1-93
Added Pin To Net: NetName=3V3 Pin=U1-111
Added Pin To Net: NetName=3V3 Pin=U1-129
Added Pin To Net: NetName=3V3 Pin=U1-131
Added Pin To Net: NetName=3V3 Pin=U1-146
Added Pin To Net: NetName=3V3 Pin=U1-164
Added Pin To Net: NetName=3V3 Pin=U1-183
Added Pin To Net: NetName=3V3 Pin=U1-199
Added Pin To Net: NetName=3V3 Pin=U2-1
Added Pin To Net: NetName=3V3 Pin=U2-7
Added Pin To Net: NetName=3V3 Pin=U2-18
Added Pin To Net: NetName=3V3 Pin=U2-24
Added Pin To Net: NetName=3V3 Pin=U2-31
Added Pin To Net: NetName=3V3 Pin=U2-42
Added Pin To Net: NetName=3V3 Pin=U4-7
Added Pin To Net: NetName=3V3 Pin=U4-18
Added Pin To Net: NetName=3V3 Pin=U4-31
Added Pin To Net: NetName=3V3 Pin=U4-42
Added Net: Name=3V3
Added Pin To Net: NetName=5V Pin=C32-1
Added Pin To Net: NetName=5V Pin=U3-2
Added Net: Name=5V
Added Pin To Net: NetName=ADDR0 Pin=U1-133
Added Pin To Net: NetName=ADDR0 Pin=U2-47
Added Net: Name=ADDR0
Added Pin To Net: NetName=ADDR1 Pin=U1-134
Added Pin To Net: NetName=ADDR1 Pin=U2-46
Added Net: Name=ADDR1
Added Pin To Net: NetName=ADDR2 Pin=U1-135
Added Pin To Net: NetName=ADDR2 Pin=U2-44
Added Net: Name=ADDR2
Added Pin To Net: NetName=ADDR3 Pin=U1-136
Added Pin To Net: NetName=ADDR3 Pin=U2-43
Added Net: Name=ADDR3
Added Pin To Net: NetName=ADDR4 Pin=U1-137
Added Pin To Net: NetName=ADDR4 Pin=U2-41
Added Net: Name=ADDR4
Added Pin To Net: NetName=ADDR5 Pin=U1-138
Added Pin To Net: NetName=ADDR5 Pin=U2-40
Added Net: Name=ADDR5
Added Pin To Net: NetName=ADDR6 Pin=U1-139
Added Pin To Net: NetName=ADDR6 Pin=U2-38
Added Net: Name=ADDR6
Added Pin To Net: NetName=ADDR7 Pin=U1-140
Added Pin To Net: NetName=ADDR7 Pin=U2-37
Added Net: Name=ADDR7
Added Pin To Net: NetName=ADDR8 Pin=U1-141
Added Pin To Net: NetName=ADDR8 Pin=U2-36
Added Net: Name=ADDR8
Added Pin To Net: NetName=ADDR9 Pin=U1-142
Added Pin To Net: NetName=ADDR9 Pin=U2-35
Added Net: Name=ADDR9
Added Pin To Net: NetName=ADDR10 Pin=U1-143
Added Pin To Net: NetName=ADDR10 Pin=U2-33
Added Net: Name=ADDR10
Added Pin To Net: NetName=ADDR11 Pin=U1-145
Added Pin To Net: NetName=ADDR11 Pin=U2-32
Added Net: Name=ADDR11
Added Pin To Net: NetName=ADDR12 Pin=U1-148
Added Pin To Net: NetName=ADDR12 Pin=U2-30
Added Net: Name=ADDR12
Added Pin To Net: NetName=ADDR13 Pin=U1-149
Added Pin To Net: NetName=ADDR13 Pin=U2-29
Added Net: Name=ADDR13
Added Pin To Net: NetName=ADDR14 Pin=U1-150
Added Pin To Net: NetName=ADDR14 Pin=U2-27
Added Net: Name=ADDR14
Added Pin To Net: NetName=ADDR15 Pin=U1-151
Added Pin To Net: NetName=ADDR15 Pin=U2-26
Added Net: Name=ADDR15
Added Pin To Net: NetName=DATA0 Pin=U1-179
Added Pin To Net: NetName=DATA0 Pin=U4-47
Added Net: Name=DATA0
Added Pin To Net: NetName=DATA1 Pin=U1-180
Added Pin To Net: NetName=DATA1 Pin=U4-46
Added Net: Name=DATA1
Added Pin To Net: NetName=DATA2 Pin=U1-181
Added Pin To Net: NetName=DATA2 Pin=U4-44
Added Net: Name=DATA2
Added Pin To Net: NetName=DATA3 Pin=U1-182
Added Pin To Net: NetName=DATA3 Pin=U4-43
Added Net: Name=DATA3
Added Pin To Net: NetName=DATA4 Pin=U1-185
Added Pin To Net: NetName=DATA4 Pin=U4-41
Added Net: Name=DATA4
Added Pin To Net: NetName=DATA5 Pin=U1-186
Added Pin To Net: NetName=DATA5 Pin=U4-40
Added Net: Name=DATA5
Added Pin To Net: NetName=DATA6 Pin=U1-187
Added Pin To Net: NetName=DATA6 Pin=U4-38
Added Net: Name=DATA6
Added Pin To Net: NetName=DATA7 Pin=U1-190
Added Pin To Net: NetName=DATA7 Pin=U4-37
Added Net: Name=DATA7
Added Pin To Net: NetName=DATA8 Pin=U1-191
Added Pin To Net: NetName=DATA8 Pin=U4-36
Added Net: Name=DATA8
Added Pin To Net: NetName=DATA9 Pin=U1-192
Added Pin To Net: NetName=DATA9 Pin=U4-35
Added Net: Name=DATA9
Added Pin To Net: NetName=DATA10 Pin=U1-193
Added Pin To Net: NetName=DATA10 Pin=U4-33
Added Net: Name=DATA10
Added Pin To Net: NetName=DATA11 Pin=U1-194
Added Pin To Net: NetName=DATA11 Pin=U4-32
Added Net: Name=DATA11
Added Pin To Net: NetName=DATA12 Pin=U1-195
Added Pin To Net: NetName=DATA12 Pin=U4-30
Added Net: Name=DATA12
Added Pin To Net: NetName=DATA13 Pin=U1-196
Added Pin To Net: NetName=DATA13 Pin=U4-29
Added Net: Name=DATA13
Added Pin To Net: NetName=DATA14 Pin=U1-197
Added Pin To Net: NetName=DATA14 Pin=U4-27
Added Net: Name=DATA14
Added Pin To Net: NetName=DATA15 Pin=U1-198
Added Pin To Net: NetName=DATA15 Pin=U4-26
Added Net: Name=DATA15
Added Pin To Net: NetName=GNDOSC Pin=C19-1
Added Pin To Net: NetName=GNDOSC Pin=C23-2
Added Pin To Net: NetName=GNDOSC Pin=C27-2
Added Pin To Net: NetName=GNDOSC Pin=C28-2
Added Pin To Net: NetName=GNDOSC Pin=C30-2
Added Pin To Net: NetName=GNDOSC Pin=U1-34
Added Net: Name=GNDOSC
Added Pin To Net: NetName=GNDPLL Pin=C15-1
Added Pin To Net: NetName=GNDPLL Pin=C17-1
Added Pin To Net: NetName=GNDPLL Pin=C22-2
Added Pin To Net: NetName=GNDPLL Pin=C26-2
Added Pin To Net: NetName=GNDPLL Pin=C29-2
Added Pin To Net: NetName=GNDPLL Pin=C31-2
Added Pin To Net: NetName=GNDPLL Pin=U1-30
Added Pin To Net: NetName=GNDPLL Pin=U1-39
Added Net: Name=GNDPLL
Added Pin To Net: NetName=GND Pin=C1-2
Added Pin To Net: NetName=GND Pin=C2-2
Added Pin To Net: NetName=GND Pin=C3-2
Added Pin To Net: NetName=GND Pin=C4-2
Added Pin To Net: NetName=GND Pin=C5-1
Added Pin To Net: NetName=GND Pin=C6-2
Added Pin To Net: NetName=GND Pin=C7-1
Added Pin To Net: NetName=GND Pin=C8-2
Added Pin To Net: NetName=GND Pin=C9-1
Added Pin To Net: NetName=GND Pin=C10-2
Added Pin To Net: NetName=GND Pin=C11-1
Added Pin To Net: NetName=GND Pin=C12-2
Added Pin To Net: NetName=GND Pin=C13-1
Added Pin To Net: NetName=GND Pin=C14-2
Added Pin To Net: NetName=GND Pin=C16-2
Added Pin To Net: NetName=GND Pin=C18-2
Added Pin To Net: NetName=GND Pin=C20-2
Added Pin To Net: NetName=GND Pin=C21-2
Added Pin To Net: NetName=GND Pin=C24-2
Added Pin To Net: NetName=GND Pin=C25-1
Added Pin To Net: NetName=GND Pin=C32-2
Added Pin To Net: NetName=GND Pin=C33-2
Added Pin To Net: NetName=GND Pin=C34-1
Added Pin To Net: NetName=GND Pin=P1-4
Added Pin To Net: NetName=GND Pin=P1-6
Added Pin To Net: NetName=GND Pin=P1-8
Added Pin To Net: NetName=GND Pin=P1-10
Added Pin To Net: NetName=GND Pin=P1-12
Added Pin To Net: NetName=GND Pin=P1-14
Added Pin To Net: NetName=GND Pin=P1-16
Added Pin To Net: NetName=GND Pin=P1-18
Added Pin To Net: NetName=GND Pin=P1-20
Added Pin To Net: NetName=GND Pin=Q1-1
Added Pin To Net: NetName=GND Pin=R4-1
Added Pin To Net: NetName=GND Pin=R6-2
Added Pin To Net: NetName=GND Pin=R13-2
Added Pin To Net: NetName=GND Pin=R14-2
Added Pin To Net: NetName=GND Pin=SW1-COM1
Added Pin To Net: NetName=GND Pin=U1-8
Added Pin To Net: NetName=GND Pin=U1-20
Added Pin To Net: NetName=GND Pin=U1-27
Added Pin To Net: NetName=GND Pin=U1-41
Added Pin To Net: NetName=GND Pin=U1-57
Added Pin To Net: NetName=GND Pin=U1-63
Added Pin To Net: NetName=GND Pin=U1-76
Added Pin To Net: NetName=GND Pin=U1-94
Added Pin To Net: NetName=GND Pin=U1-112
Added Pin To Net: NetName=GND Pin=U1-113
Added Pin To Net: NetName=GND Pin=U1-114
Added Pin To Net: NetName=GND Pin=U1-117
Added Pin To Net: NetName=GND Pin=U1-130
Added Pin To Net: NetName=GND Pin=U1-132
Added Pin To Net: NetName=GND Pin=U1-147
Added Pin To Net: NetName=GND Pin=U1-153
Added Pin To Net: NetName=GND Pin=U1-165
Added Pin To Net: NetName=GND Pin=U1-184
Added Pin To Net: NetName=GND Pin=U1-189
Added Pin To Net: NetName=GND Pin=U1-200
Added Pin To Net: NetName=GND Pin=U2-4
Added Pin To Net: NetName=GND Pin=U2-10
Added Pin To Net: NetName=GND Pin=U2-15
Added Pin To Net: NetName=GND Pin=U2-21
Added Pin To Net: NetName=GND Pin=U2-25
Added Pin To Net: NetName=GND Pin=U2-28
Added Pin To Net: NetName=GND Pin=U2-34
Added Pin To Net: NetName=GND Pin=U2-39
Added Pin To Net: NetName=GND Pin=U2-45
Added Pin To Net: NetName=GND Pin=U2-48
Added Pin To Net: NetName=GND Pin=U3-3
Added Pin To Net: NetName=GND Pin=U4-4
Added Pin To Net: NetName=GND Pin=U4-10
Added Pin To Net: NetName=GND Pin=U4-15
Added Pin To Net: NetName=GND Pin=U4-21
Added Pin To Net: NetName=GND Pin=U4-25
Added Pin To Net: NetName=GND Pin=U4-28
Added Pin To Net: NetName=GND Pin=U4-34
Added Pin To Net: NetName=GND Pin=U4-39
Added Pin To Net: NetName=GND Pin=U4-45
Added Pin To Net: NetName=GND Pin=U4-48
Added Net: Name=GND
Added Pin To Net: NetName=JTAG_NRST Pin=P1-15
Added Pin To Net: NetName=JTAG_NRST Pin=Q1-3
Added Pin To Net: NetName=JTAG_NRST Pin=SW1-NO
Added Pin To Net: NetName=JTAG_NRST Pin=U3-1
Added Net: Name=JTAG_NRST
Added Pin To Net: NetName=JTAG_NTRST Pin=P1-3
Added Pin To Net: NetName=JTAG_NTRST Pin=R12-1
Added Net: Name=JTAG_NTRST
Added Pin To Net: NetName=NetC22_1 Pin=C22-1
Added Pin To Net: NetName=NetC22_1 Pin=R1-2
Added Pin To Net: NetName=NetC22_1 Pin=U1-29
Added Net: Name=NetC22_1
Added Pin To Net: NetName=NetC23_1 Pin=C23-1
Added Pin To Net: NetName=NetC23_1 Pin=U1-32
Added Pin To Net: NetName=NetC23_1 Pin=X1-2
Added Net: Name=NetC23_1
Added Pin To Net: NetName=NetC26_1 Pin=C26-1
Added Pin To Net: NetName=NetC26_1 Pin=R1-1
Added Net: Name=NetC26_1
Added Pin To Net: NetName=NetC27_1 Pin=C27-1
Added Pin To Net: NetName=NetC27_1 Pin=U1-31
Added Pin To Net: NetName=NetC27_1 Pin=X1-1
Added Net: Name=NetC27_1
Added Pin To Net: NetName=NetC28_1 Pin=C28-1
Added Pin To Net: NetName=NetC28_1 Pin=U1-36
Added Pin To Net: NetName=NetC28_1 Pin=X2-2
Added Net: Name=NetC28_1
Added Pin To Net: NetName=NetC29_1 Pin=C29-1
Added Pin To Net: NetName=NetC29_1 Pin=R2-2
Added Pin To Net: NetName=NetC29_1 Pin=U1-38
Added Net: Name=NetC29_1
Added Pin To Net: NetName=NetC30_1 Pin=C30-1
Added Pin To Net: NetName=NetC30_1 Pin=U1-35
Added Pin To Net: NetName=NetC30_1 Pin=X2-1
Added Net: Name=NetC30_1
Added Pin To Net: NetName=NetC31_1 Pin=C31-1
Added Pin To Net: NetName=NetC31_1 Pin=R2-1
Added Net: Name=NetC31_1
Added Pin To Net: NetName=NetJTAG_SEL_1 Pin=JTAG_SEL-1
Added Pin To Net: NetName=NetJTAG_SEL_1 Pin=R6-1
Added Net: Name=NetJTAG_SEL_1
Added Pin To Net: NetName=NetJTAG_SEL_2 Pin=JTAG_SEL-2
Added Pin To Net: NetName=NetJTAG_SEL_2 Pin=U1-105
Added Net: Name=NetJTAG_SEL_2
Added Pin To Net: NetName=NetJTAG_SEL_3 Pin=JTAG_SEL-3
Added Pin To Net: NetName=NetJTAG_SEL_3 Pin=R5-1
Added Net: Name=NetJTAG_SEL_3
Added Pin To Net: NetName=NetP1_11 Pin=P1-11
Added Pin To Net: NetName=NetP1_11 Pin=R8-1
Added Net: Name=NetP1_11
Added Pin To Net: NetName=NetP1_17 Pin=P1-17
Added Pin To Net: NetName=NetP1_17 Pin=R13-1
Added Net: Name=NetP1_17
Added Pin To Net: NetName=NetP1_19 Pin=P1-19
Added Pin To Net: NetName=NetP1_19 Pin=R14-1
Added Net: Name=NetP1_19
Added Pin To Net: NetName=NetQ1_2 Pin=Q1-2
Added Pin To Net: NetName=NetQ1_2 Pin=U3-5
Added Net: Name=NetQ1_2
Added Pin To Net: NetName=NetU1_115 Pin=U1-115
Added Pin To Net: NetName=NetU1_115 Pin=U3-7
Added Net: Name=NetU1_115
Added Pin To Net: NetName=NetU1_170 Pin=U1-170
Added Pin To Net: NetName=NetU1_170 Pin=U4-1
Added Pin To Net: NetName=NetU1_170 Pin=U4-24
Added Net: Name=NetU1_170
Added Pin To Net: NetName=NTRST Pin=U1-110
Added Net: Name=NTRST
Added Pin To Net: NetName=PFI Pin=R3-1
Added Pin To Net: NetName=PFI Pin=R4-2
Added Pin To Net: NetName=PFI Pin=U3-4
Added Net: Name=PFI
Added Pin To Net: NetName=TCK Pin=P1-9
Added Pin To Net: NetName=TCK Pin=R9-1
Added Pin To Net: NetName=TCK Pin=U1-108
Added Net: Name=TCK
Added Pin To Net: NetName=TDI Pin=P1-5
Added Pin To Net: NetName=TDI Pin=R11-1
Added Pin To Net: NetName=TDI Pin=U1-106
Added Net: Name=TDI
Added Pin To Net: NetName=TDO Pin=P1-13
Added Pin To Net: NetName=TDO Pin=R7-1
Added Pin To Net: NetName=TDO Pin=U1-107
Added Net: Name=TDO
Added Pin To Net: NetName=TMS Pin=P1-7
Added Pin To Net: NetName=TMS Pin=R10-1
Added Pin To Net: NetName=TMS Pin=U1-109
Added Net: Name=TMS
Added Class: Name=Main
Added Class: Name=DATA[0..15]
Added Room: Name=Main
