Removed Pin From Net: NetName=3V3 Pin=R19-1
Removed Pin From Net: NetName=3V3 Pin=R20-1
Removed Pin From Net: NetName=NetJ1_9 Pin=R20-2
Removed Pin From Net: NetName=3V3 Pin=R21-1
Removed Pin From Net: NetName=NetJ1_10 Pin=R21-2
Removed Pin From Net: NetName=3V3 Pin=U10-1
Removed Pin From Net: NetName=3V3 Pin=U10-2
Removed Pin From Net: NetName=KEYPAD_OE Pin=U10-3
Removed Pin From Net: NetName=3V3 Pin=U10-7
Removed Pin From Net: NetName=GND Pin=U10-8
Removed Pin From Net: NetName=3V3 Pin=U10-9
Removed Pin From Net: NetName=3V3 Pin=U10-15
Removed Pin From Net: NetName=5V Pin=U10-16
Removed Pin From Net: NetName=5V Pin=U12-1
Removed Pin From Net: NetName=5V Pin=U12-2
Removed Pin From Net: NetName=KEYPAD_D4 Pin=U12-4
Removed Pin From Net: NetName=KEYPAD_RDY Pin=U12-5
Removed Pin From Net: NetName=5V Pin=U12-7
Removed Pin From Net: NetName=GND Pin=U12-8
Removed Pin From Net: NetName=5V Pin=U12-9
Removed Pin From Net: NetName=5V Pin=U12-15
Removed Pin From Net: NetName=3V3 Pin=U12-16
Removed Pin From Net: NetName=5V Pin=U13-20
Removed Pin From Net: NetName=5V Pin=U14-1
Removed Pin From Net: NetName=5V Pin=U14-2
Removed Pin From Net: NetName=KEYPAD_D0 Pin=U14-4
Removed Pin From Net: NetName=KEYPAD_D1 Pin=U14-5
Removed Pin From Net: NetName=5V Pin=U14-7
Removed Pin From Net: NetName=GND Pin=U14-8
Removed Pin From Net: NetName=5V Pin=U14-9
Removed Pin From Net: NetName=KEYPAD_D2 Pin=U14-11
Removed Pin From Net: NetName=KEYPAD_D3 Pin=U14-13
Removed Pin From Net: NetName=5V Pin=U14-15
Removed Pin From Net: NetName=3V3 Pin=U14-16
Removed Pin From Net: NetName=NetJ1_9 Pin=U16-26
Removed Member From Class: ClassName=Main Member=U10
Removed Member From Class: ClassName=Main Member=U12
Removed Member From Class: ClassName=Main Member=U14
Change Component Footprint: Designator=U13 Old Footprint=SOL-20 New Footprint=DIP20
Added Pin To Net: NetName=GND Pin=R19-1
Added Pin To Net: NetName=GND Pin=R20-1
Added Pin To Net: NetName=NetJ1_10 Pin=R20-2
Added Pin To Net: NetName=GND Pin=R21-1
Added Pin To Net: NetName=NetJ1_9 Pin=R21-2
Added Pin To Net: NetName=KEYPAD_RDY Pin=U13-13
Added Pin To Net: NetName=KEYPAD_OE Pin=U13-14
Added Pin To Net: NetName=KEYPAD_D4 Pin=U13-15
Added Pin To Net: NetName=KEYPAD_D3 Pin=U13-16
Added Pin To Net: NetName=KEYPAD_D2 Pin=U13-17
Added Pin To Net: NetName=KEYPAD_D1 Pin=U13-18
Added Pin To Net: NetName=KEYPAD_D0 Pin=U13-19
Added Pin To Net: NetName=3V3 Pin=U13-20
Added Pin To Net: NetName=NetJ1_10 Pin=U16-26
Added Room: Name=Main
