Removed Pin From Net: NetName=GND Pin=U18-25
Removed Pin From Net: NetName=GND Pin=U18-48
Added Component: Designator=C84(1608[0603])
Add component. Clean all parameters for all variants
Add component (AddParameter): Name = "LatestRevisionDate"; Value = "29-May-2009"; VariantName = "[No Variations]"
Add component (AddParameter): Name = "LatestRevisionNote"; Value = "IPC-7351 Footprint Added."; VariantName = "[No Variations]"
Add component (AddParameter): Name = "PackageDescription"; Value = "Chip Capacitor"; VariantName = "[No Variations]"
Add component (AddParameter): Name = "PackageReference"; Value = "C1206"; VariantName = "[No Variations]"
Add component (AddParameter): Name = "Published"; Value = "8-Jun-2000"; VariantName = "[No Variations]"
Add component (AddParameter): Name = "Publisher"; Value = "Altium Limited"; VariantName = "[No Variations]"
Add component (AddParameter): Name = "Value"; Value = "0.01uF"; VariantName = "[No Variations]"
Added Component: Designator=C85(1608[0603])
Add component. Clean all parameters for all variants
Add component (AddParameter): Name = "LatestRevisionDate"; Value = "29-May-2009"; VariantName = "[No Variations]"
Add component (AddParameter): Name = "LatestRevisionNote"; Value = "IPC-7351 Footprint Added."; VariantName = "[No Variations]"
Add component (AddParameter): Name = "PackageDescription"; Value = "Chip Capacitor"; VariantName = "[No Variations]"
Add component (AddParameter): Name = "PackageReference"; Value = "C1206"; VariantName = "[No Variations]"
Add component (AddParameter): Name = "Published"; Value = "8-Jun-2000"; VariantName = "[No Variations]"
Add component (AddParameter): Name = "Publisher"; Value = "Altium Limited"; VariantName = "[No Variations]"
Add component (AddParameter): Name = "Value"; Value = "0.1uF"; VariantName = "[No Variations]"
Added Component: Designator=C86(1608[0603])
Add component. Clean all parameters for all variants
Add component (AddParameter): Name = "LatestRevisionDate"; Value = "29-May-2009"; VariantName = "[No Variations]"
Add component (AddParameter): Name = "LatestRevisionNote"; Value = "IPC-7351 Footprint Added."; VariantName = "[No Variations]"
Add component (AddParameter): Name = "PackageDescription"; Value = "Chip Capacitor"; VariantName = "[No Variations]"
Add component (AddParameter): Name = "PackageReference"; Value = "C1206"; VariantName = "[No Variations]"
Add component (AddParameter): Name = "Published"; Value = "8-Jun-2000"; VariantName = "[No Variations]"
Add component (AddParameter): Name = "Publisher"; Value = "Altium Limited"; VariantName = "[No Variations]"
Add component (AddParameter): Name = "Value"; Value = "0.1uF"; VariantName = "[No Variations]"
Added Component: Designator=C87(1608[0603])
Add component. Clean all parameters for all variants
Add component (AddParameter): Name = "LatestRevisionDate"; Value = "29-May-2009"; VariantName = "[No Variations]"
Add component (AddParameter): Name = "LatestRevisionNote"; Value = "IPC-7351 Footprint Added."; VariantName = "[No Variations]"
Add component (AddParameter): Name = "PackageDescription"; Value = "Chip Capacitor"; VariantName = "[No Variations]"
Add component (AddParameter): Name = "PackageReference"; Value = "C1206"; VariantName = "[No Variations]"
Add component (AddParameter): Name = "Published"; Value = "8-Jun-2000"; VariantName = "[No Variations]"
Add component (AddParameter): Name = "Publisher"; Value = "Altium Limited"; VariantName = "[No Variations]"
Add component (AddParameter): Name = "Value"; Value = "0.1uF"; VariantName = "[No Variations]"
Added Component: Designator=C88(1608[0603])
Add component. Clean all parameters for all variants
Add component (AddParameter): Name = "LatestRevisionDate"; Value = "29-May-2009"; VariantName = "[No Variations]"
Add component (AddParameter): Name = "LatestRevisionNote"; Value = "IPC-7351 Footprint Added."; VariantName = "[No Variations]"
Add component (AddParameter): Name = "PackageDescription"; Value = "Chip Capacitor"; VariantName = "[No Variations]"
Add component (AddParameter): Name = "PackageReference"; Value = "C1206"; VariantName = "[No Variations]"
Add component (AddParameter): Name = "Published"; Value = "8-Jun-2000"; VariantName = "[No Variations]"
Add component (AddParameter): Name = "Publisher"; Value = "Altium Limited"; VariantName = "[No Variations]"
Add component (AddParameter): Name = "Value"; Value = "0.01uF"; VariantName = "[No Variations]"
Added Component: Designator=C89(1608[0603])
Add component. Clean all parameters for all variants
Add component (AddParameter): Name = "LatestRevisionDate"; Value = "29-May-2009"; VariantName = "[No Variations]"
Add component (AddParameter): Name = "LatestRevisionNote"; Value = "IPC-7351 Footprint Added."; VariantName = "[No Variations]"
Add component (AddParameter): Name = "PackageDescription"; Value = "Chip Capacitor"; VariantName = "[No Variations]"
Add component (AddParameter): Name = "PackageReference"; Value = "C1206"; VariantName = "[No Variations]"
Add component (AddParameter): Name = "Published"; Value = "8-Jun-2000"; VariantName = "[No Variations]"
Add component (AddParameter): Name = "Publisher"; Value = "Altium Limited"; VariantName = "[No Variations]"
Add component (AddParameter): Name = "Value"; Value = "0.1uF"; VariantName = "[No Variations]"
Added Component: Designator=C90(1608[0603])
Add component. Clean all parameters for all variants
Add component (AddParameter): Name = "LatestRevisionDate"; Value = "29-May-2009"; VariantName = "[No Variations]"
Add component (AddParameter): Name = "LatestRevisionNote"; Value = "IPC-7351 Footprint Added."; VariantName = "[No Variations]"
Add component (AddParameter): Name = "PackageDescription"; Value = "Chip Capacitor"; VariantName = "[No Variations]"
Add component (AddParameter): Name = "PackageReference"; Value = "C1206"; VariantName = "[No Variations]"
Add component (AddParameter): Name = "Published"; Value = "8-Jun-2000"; VariantName = "[No Variations]"
Add component (AddParameter): Name = "Publisher"; Value = "Altium Limited"; VariantName = "[No Variations]"
Add component (AddParameter): Name = "Value"; Value = "0.1uF"; VariantName = "[No Variations]"
Added Component: Designator=C91(1608[0603])
Add component. Clean all parameters for all variants
Add component (AddParameter): Name = "LatestRevisionDate"; Value = "29-May-2009"; VariantName = "[No Variations]"
Add component (AddParameter): Name = "LatestRevisionNote"; Value = "IPC-7351 Footprint Added."; VariantName = "[No Variations]"
Add component (AddParameter): Name = "PackageDescription"; Value = "Chip Capacitor"; VariantName = "[No Variations]"
Add component (AddParameter): Name = "PackageReference"; Value = "C1206"; VariantName = "[No Variations]"
Add component (AddParameter): Name = "Published"; Value = "8-Jun-2000"; VariantName = "[No Variations]"
Add component (AddParameter): Name = "Publisher"; Value = "Altium Limited"; VariantName = "[No Variations]"
Add component (AddParameter): Name = "Value"; Value = "1uF"; VariantName = "[No Variations]"
Added Component: Designator=P4(HDR2X8)
Add component. Clean all parameters for all variants
Add component (AddParameter): Name = "LatestRevisionDate"; Value = "17-Jul-2002"; VariantName = "[No Variations]"
Add component (AddParameter): Name = "LatestRevisionNote"; Value = "Re-released for DXP Platform."; VariantName = "[No Variations]"
Add component (AddParameter): Name = "Publisher"; Value = "Altium Limited"; VariantName = "[No Variations]"
Added Component: Designator=P5(HDR2X8)
Add component. Clean all parameters for all variants
Add component (AddParameter): Name = "LatestRevisionDate"; Value = "17-Jul-2002"; VariantName = "[No Variations]"
Add component (AddParameter): Name = "LatestRevisionNote"; Value = "Re-released for DXP Platform."; VariantName = "[No Variations]"
Add component (AddParameter): Name = "Publisher"; Value = "Altium Limited"; VariantName = "[No Variations]"
Added Component: Designator=P6(HDR2X8)
Add component. Clean all parameters for all variants
Add component (AddParameter): Name = "LatestRevisionDate"; Value = "17-Jul-2002"; VariantName = "[No Variations]"
Add component (AddParameter): Name = "LatestRevisionNote"; Value = "Re-released for DXP Platform."; VariantName = "[No Variations]"
Add component (AddParameter): Name = "Publisher"; Value = "Altium Limited"; VariantName = "[No Variations]"
Added Component: Designator=P7(HDR2X8)
Add component. Clean all parameters for all variants
Add component (AddParameter): Name = "LatestRevisionDate"; Value = "17-Jul-2002"; VariantName = "[No Variations]"
Add component (AddParameter): Name = "LatestRevisionNote"; Value = "Re-released for DXP Platform."; VariantName = "[No Variations]"
Add component (AddParameter): Name = "Publisher"; Value = "Altium Limited"; VariantName = "[No Variations]"
Added Component: Designator=P8(HDR2X4)
Add component. Clean all parameters for all variants
Add component (AddParameter): Name = "LatestRevisionDate"; Value = "17-Jul-2002"; VariantName = "[No Variations]"
Add component (AddParameter): Name = "LatestRevisionNote"; Value = "Re-released for DXP Platform."; VariantName = "[No Variations]"
Add component (AddParameter): Name = "Publisher"; Value = "Altium Limited"; VariantName = "[No Variations]"
Added Pin To Net: NetName=5V Pin=C84-1
Added Pin To Net: NetName=GND Pin=C84-2
Added Pin To Net: NetName=3V3 Pin=C85-1
Added Pin To Net: NetName=3V3 Pin=C86-1
Added Pin To Net: NetName=3V3 Pin=C87-1
Added Pin To Net: NetName=GND Pin=C87-2
Added Pin To Net: NetName=3V3 Pin=C88-1
Added Pin To Net: NetName=GND Pin=C88-2
Added Pin To Net: NetName=3V3 Pin=C89-1
Added Pin To Net: NetName=GND Pin=C89-2
Added Pin To Net: NetName=3V3 Pin=C90-1
Added Pin To Net: NetName=GND Pin=C90-2
Added Pin To Net: NetName=3V3 Pin=C91-1
Added Pin To Net: NetName=GND Pin=C91-2
Added Pin To Net: NetName=D_3V3B0 Pin=P4-1
Added Pin To Net: NetName=D_3V3B1 Pin=P4-2
Added Pin To Net: NetName=D_3V3B2 Pin=P4-3
Added Pin To Net: NetName=D_3V3B3 Pin=P4-4
Added Pin To Net: NetName=D_3V3B4 Pin=P4-5
Added Pin To Net: NetName=D_3V3B5 Pin=P4-6
Added Pin To Net: NetName=D_3V3B6 Pin=P4-7
Added Pin To Net: NetName=D_3V3B7 Pin=P4-8
Added Pin To Net: NetName=D_3V3B8 Pin=P4-9
Added Pin To Net: NetName=D_3V3B9 Pin=P4-10
Added Pin To Net: NetName=D_3V3B10 Pin=P4-11
Added Pin To Net: NetName=D_3V3B11 Pin=P4-12
Added Pin To Net: NetName=D_3V3B12 Pin=P4-13
Added Pin To Net: NetName=D_3V3B13 Pin=P4-14
Added Pin To Net: NetName=D_3V3B14 Pin=P4-15
Added Pin To Net: NetName=D_3V3B15 Pin=P4-16
Added Pin To Net: NetName=NCS3V3B2 Pin=P6-1
Added Pin To Net: NetName=JTAG_NTRST Pin=P6-2
Added Pin To Net: NetName=NWE_3V3_BUF Pin=P6-3
Added Pin To Net: NetName=RESET Pin=P6-4
Added Pin To Net: NetName=NWAIT Pin=P6-5
Added Pin To Net: NetName=NTRST Pin=P6-6
Added Pin To Net: NetName=PCK0 Pin=P6-7
Added Pin To Net: NetName=RAS Pin=P6-8
Added Pin To Net: NetName=PCK1 Pin=P6-9
Added Pin To Net: NetName=CAS Pin=P6-10
Added Pin To Net: NetName=DRAM_WE Pin=P6-12
Added Pin To Net: NetName=ROW_ADDR_EN Pin=P6-14
Added Pin To Net: NetName=COL_ADDR_EN Pin=P6-16
Added Pin To Net: NetName=A_3V3_BUF_0 Pin=P7-1
Added Pin To Net: NetName=A_3V3_BUF_1 Pin=P7-2
Added Pin To Net: NetName=A_3V3_BUF_2 Pin=P7-3
Added Pin To Net: NetName=A_3V3_BUF_3 Pin=P7-4
Added Pin To Net: NetName=A_3V3_BUF_4 Pin=P7-5
Added Pin To Net: NetName=A_3V3_BUF_5 Pin=P7-6
Added Pin To Net: NetName=A_3V3_BUF_6 Pin=P7-7
Added Pin To Net: NetName=A_3V3_BUF_7 Pin=P7-8
Added Pin To Net: NetName=A_3V3_BUF_8 Pin=P7-9
Added Pin To Net: NetName=A_3V3_BUF_9 Pin=P7-10
Added Pin To Net: NetName=A_3V3_BUF_10 Pin=P7-11
Added Pin To Net: NetName=A_3V3_BUF_11 Pin=P7-12
Added Pin To Net: NetName=A_3V3_BUF_12 Pin=P7-13
Added Pin To Net: NetName=A_3V3_BUF_13 Pin=P7-14
Added Pin To Net: NetName=A_3V3_BUF_14 Pin=P7-15
Added Pin To Net: NetName=A_3V3_BUF_15 Pin=P7-16
Added Pin To Net: NetName=NCS3V3B0 Pin=P8-1
Added Pin To Net: NetName=NCS3V3B1 Pin=P8-2
Added Pin To Net: NetName=NCS3V3B2 Pin=P8-3
Added Pin To Net: NetName=NCS3V3B3 Pin=P8-4
Added Pin To Net: NetName=NCS3V3B4 Pin=P8-5
Added Pin To Net: NetName=NCS3V3B5 Pin=P8-6
Added Pin To Net: NetName=NCS3V3B6 Pin=P8-7
Added Pin To Net: NetName=NCS3V3B7 Pin=P8-8
Added Pin To Net: NetName=NCS3V3B2 Pin=U18-25
Added Pin To Net: NetName=NCS3V3B2 Pin=U18-48
Added Pin To Net: NetName=NetP5_1 Pin=P5-1
Added Pin To Net: NetName=NetP5_1 Pin=U5-44
Added Net: Name=NetP5_1
Added Pin To Net: NetName=NetP5_2 Pin=P5-2
Added Pin To Net: NetName=NetP5_2 Pin=U5-3
Added Net: Name=NetP5_2
Added Pin To Net: NetName=NetP5_3 Pin=P5-3
Added Pin To Net: NetName=NetP5_3 Pin=U5-43
Added Net: Name=NetP5_3
Added Pin To Net: NetName=NetP5_4 Pin=P5-4
Added Pin To Net: NetName=NetP5_4 Pin=U5-4
Added Net: Name=NetP5_4
Added Pin To Net: NetName=NetP5_5 Pin=P5-5
Added Pin To Net: NetName=NetP5_5 Pin=U5-42
Added Net: Name=NetP5_5
Added Pin To Net: NetName=NetP5_6 Pin=P5-6
Added Pin To Net: NetName=NetP5_6 Pin=U5-5
Added Net: Name=NetP5_6
Added Pin To Net: NetName=NetP5_7 Pin=P5-7
Added Pin To Net: NetName=NetP5_7 Pin=U5-41
Added Net: Name=NetP5_7
Added Pin To Net: NetName=NetP5_8 Pin=P5-8
Added Pin To Net: NetName=NetP5_8 Pin=U5-6
Added Net: Name=NetP5_8
Added Pin To Net: NetName=NetP5_9 Pin=P5-9
Added Pin To Net: NetName=NetP5_9 Pin=U5-40
Added Net: Name=NetP5_9
Added Pin To Net: NetName=NetP5_10 Pin=P5-10
Added Pin To Net: NetName=NetP5_10 Pin=U5-7
Added Net: Name=NetP5_10
Added Pin To Net: NetName=NetP5_11 Pin=P5-11
Added Pin To Net: NetName=NetP5_11 Pin=U5-39
Added Net: Name=NetP5_11
Added Pin To Net: NetName=NetP5_12 Pin=P5-12
Added Pin To Net: NetName=NetP5_12 Pin=U5-8
Added Net: Name=NetP5_12
Added Pin To Net: NetName=NetP5_13 Pin=P5-13
Added Pin To Net: NetName=NetP5_13 Pin=U5-38
Added Net: Name=NetP5_13
Added Pin To Net: NetName=NetP5_14 Pin=P5-14
Added Pin To Net: NetName=NetP5_14 Pin=U5-9
Added Net: Name=NetP5_14
Added Pin To Net: NetName=NetP5_15 Pin=P5-15
Added Pin To Net: NetName=NetP5_15 Pin=U5-37
Added Net: Name=NetP5_15
Added Pin To Net: NetName=NetP5_16 Pin=P5-16
Added Pin To Net: NetName=NetP5_16 Pin=U5-10
Added Net: Name=NetP5_16
Added Member To Class: ClassName=Main Member=Component C84 
Added Member To Class: ClassName=Main Member=Component C85 
Added Member To Class: ClassName=Main Member=Component C86 
Added Member To Class: ClassName=Main Member=Component C87 
Added Member To Class: ClassName=Main Member=Component C88 
Added Member To Class: ClassName=Main Member=Component C89 
Added Member To Class: ClassName=Main Member=Component C90 
Added Member To Class: ClassName=Main Member=Component C91 
Added Member To Class: ClassName=Main Member=Component P4 Header 8X2
Added Member To Class: ClassName=Main Member=Component P5 Header 8X2
Added Member To Class: ClassName=Main Member=Component P6 Header 8X2
Added Member To Class: ClassName=Main Member=Component P7 Header 8X2
Added Member To Class: ClassName=Main Member=Component P8 Header 4X2
Added Room: Name=Main
