Change Physical Footprint: Designator=C1 Old Footprint=1608[0603] New Footprint=1608[0603]
Change Physical Footprint: Designator=C2 Old Footprint=1608[0603] New Footprint=1608[0603]
Change Physical Footprint: Designator=C4 Old Footprint=1608[0603] New Footprint=1608[0603]
Change Physical Footprint: Designator=C5 Old Footprint=1608[0603] New Footprint=1608[0603]
Change Physical Footprint: Designator=C6 Old Footprint=1608[0603] New Footprint=1608[0603]
Change Physical Footprint: Designator=C7 Old Footprint=1608[0603] New Footprint=1608[0603]
Change Physical Footprint: Designator=C8 Old Footprint=1608[0603] New Footprint=1608[0603]
Change Physical Footprint: Designator=C9 Old Footprint=1608[0603] New Footprint=1608[0603]
Change Physical Footprint: Designator=C10 Old Footprint=1608[0603] New Footprint=1608[0603]
Change Physical Footprint: Designator=C11 Old Footprint=1608[0603] New Footprint=1608[0603]
Change Physical Footprint: Designator=C12 Old Footprint=1608[0603] New Footprint=1608[0603]
Change Physical Footprint: Designator=C13 Old Footprint=1608[0603] New Footprint=1608[0603]
Change Physical Footprint: Designator=C14 Old Footprint=1608[0603] New Footprint=1608[0603]
Change Physical Footprint: Designator=C16 Old Footprint=1608[0603] New Footprint=1608[0603]
Change Physical Footprint: Designator=C18 Old Footprint=1608[0603] New Footprint=1608[0603]
Change Physical Footprint: Designator=C21 Old Footprint=1608[0603] New Footprint=1608[0603]
Change Physical Footprint: Designator=C23 Old Footprint=1608[0603] New Footprint=1608[0603]
Change Physical Footprint: Designator=C24 Old Footprint=1608[0603] New Footprint=1608[0603]
Change Physical Footprint: Designator=C25 Old Footprint=1608[0603] New Footprint=1608[0603]
Change Physical Footprint: Designator=C27 Old Footprint=1608[0603] New Footprint=1608[0603]
Change Physical Footprint: Designator=C28 Old Footprint=1608[0603] New Footprint=1608[0603]
Change Physical Footprint: Designator=C29 Old Footprint=1608[0603] New Footprint=1608[0603]
Change Physical Footprint: Designator=C30 Old Footprint=1608[0603] New Footprint=1608[0603]
Change Physical Footprint: Designator=C31 Old Footprint=1608[0603] New Footprint=1608[0603]
Change Physical Footprint: Designator=C33 Old Footprint=1608[0603] New Footprint=1608[0603]
Change Physical Footprint: Designator=C39 Old Footprint=1608[0603] New Footprint=1608[0603]
Change Physical Footprint: Designator=C40 Old Footprint=1608[0603] New Footprint=1608[0603]
Change Physical Footprint: Designator=C41 Old Footprint=1608[0603] New Footprint=1608[0603]
Change Physical Footprint: Designator=C42 Old Footprint=1608[0603] New Footprint=1608[0603]
Change Physical Footprint: Designator=C43 Old Footprint=1608[0603] New Footprint=1608[0603]
Change Physical Footprint: Designator=C44 Old Footprint=1608[0603] New Footprint=1608[0603]
Change Physical Footprint: Designator=C45 Old Footprint=1608[0603] New Footprint=1608[0603]
Change Physical Footprint: Designator=C46 Old Footprint=1608[0603] New Footprint=1608[0603]
Change Physical Footprint: Designator=C47 Old Footprint=1608[0603] New Footprint=1608[0603]
Change Physical Footprint: Designator=C48 Old Footprint=1608[0603] New Footprint=1608[0603]
Change Physical Footprint: Designator=C53 Old Footprint=1608[0603] New Footprint=1608[0603]
Change Physical Footprint: Designator=C54 Old Footprint=1608[0603] New Footprint=1608[0603]
Change Physical Footprint: Designator=C56 Old Footprint=1608[0603] New Footprint=1608[0603]
Change Physical Footprint: Designator=C59 Old Footprint=1608[0603] New Footprint=1608[0603]
Change Physical Footprint: Designator=C60 Old Footprint=1608[0603] New Footprint=1608[0603]
Change Physical Footprint: Designator=C62 Old Footprint=1608[0603] New Footprint=1608[0603]
Change Physical Footprint: Designator=C64 Old Footprint=1608[0603] New Footprint=1608[0603]
Change Physical Footprint: Designator=C65 Old Footprint=1608[0603] New Footprint=1608[0603]
Change Physical Footprint: Designator=C66 Old Footprint=1608[0603] New Footprint=1608[0603]
Change Physical Footprint: Designator=C71 Old Footprint=C1206 New Footprint=C1206
Change Physical Footprint: Designator=C72 Old Footprint=C1206 New Footprint=C1206
Change Physical Footprint: Designator=C74 Old Footprint=C1206 New Footprint=C1206
Change Physical Footprint: Designator=C75 Old Footprint=1608[0603] New Footprint=1608[0603]
Change Physical Footprint: Designator=C76 Old Footprint=C1206 New Footprint=C1206
Change Physical Footprint: Designator=C77 Old Footprint=1608[0603] New Footprint=1608[0603]
Change Physical Footprint: Designator=C78 Old Footprint=C1206 New Footprint=C1206
Change Physical Footprint: Designator=C79 Old Footprint=1608[0603] New Footprint=1608[0603]
Change Physical Footprint: Designator=C81 Old Footprint=1608[0603] New Footprint=1608[0603]
Change Physical Footprint: Designator=C82 Old Footprint=1608[0603] New Footprint=1608[0603]
Change Physical Footprint: Designator=C83 Old Footprint=1608[0603] New Footprint=1608[0603]
Change Physical Footprint: Designator=C84 Old Footprint=1608[0603] New Footprint=1608[0603]
Change Physical Footprint: Designator=C85 Old Footprint=1608[0603] New Footprint=1608[0603]
Change Physical Footprint: Designator=C86 Old Footprint=1608[0603] New Footprint=1608[0603]
Change Physical Footprint: Designator=C87 Old Footprint=1608[0603] New Footprint=1608[0603]
Change Physical Footprint: Designator=C88 Old Footprint=1608[0603] New Footprint=1608[0603]
Change Physical Footprint: Designator=C89 Old Footprint=1608[0603] New Footprint=1608[0603]
Change Physical Footprint: Designator=C90 Old Footprint=1608[0603] New Footprint=1608[0603]
Change Physical Footprint: Designator=C91 Old Footprint=1608[0603] New Footprint=1608[0603]
Change Physical Footprint: Designator=C92 Old Footprint=1608[0603] New Footprint=1608[0603]
Change Physical Footprint: Designator=C93 Old Footprint=1608[0603] New Footprint=1608[0603]
Change Physical Footprint: Designator=DISP1 Old Footprint=PCB-1539121-1 New Footprint=PCB-1539121-1
Change Physical Footprint: Designator=J4 Old Footprint=EJ508A New Footprint=EJ508A
Change Physical Footprint: Designator=L4 Old Footprint=SMD-1206 New Footprint=SMD-1206
Change Physical Footprint: Designator=Q1 Old Footprint=ONSC-SOT-23-3-318-08_V New Footprint=ONSC-SOT-23-3-318-08_V
Change Physical Footprint: Designator=R1 Old Footprint=J1-0603 New Footprint=J1-0603
Change Physical Footprint: Designator=R2 Old Footprint=J1-0603 New Footprint=J1-0603
Change Physical Footprint: Designator=R3 Old Footprint=J1-0603 New Footprint=J1-0603
Change Physical Footprint: Designator=R4 Old Footprint=J1-0603 New Footprint=J1-0603
Change Physical Footprint: Designator=R7 Old Footprint=J1-0603 New Footprint=J1-0603
Change Physical Footprint: Designator=R8 Old Footprint=J1-0603 New Footprint=J1-0603
Change Physical Footprint: Designator=R9 Old Footprint=J1-0603 New Footprint=J1-0603
Change Physical Footprint: Designator=R10 Old Footprint=J1-0603 New Footprint=J1-0603
Change Physical Footprint: Designator=R11 Old Footprint=J1-0603 New Footprint=J1-0603
Change Physical Footprint: Designator=R12 Old Footprint=J1-0603 New Footprint=J1-0603
Change Physical Footprint: Designator=R13 Old Footprint=J1-0603 New Footprint=J1-0603
Change Physical Footprint: Designator=R14 Old Footprint=J1-0603 New Footprint=J1-0603
Change Physical Footprint: Designator=R15 Old Footprint=J1-0603 New Footprint=J1-0603
Change Physical Footprint: Designator=R16 Old Footprint=J1-0603 New Footprint=J1-0603
Change Physical Footprint: Designator=R17 Old Footprint=J1-0603 New Footprint=J1-0603
Change Physical Footprint: Designator=R18 Old Footprint=J1-0603 New Footprint=J1-0603
Change Physical Footprint: Designator=R19 Old Footprint=J1-0603 New Footprint=J1-0603
Change Physical Footprint: Designator=R20 Old Footprint=J1-0603 New Footprint=J1-0603
Change Physical Footprint: Designator=R21 Old Footprint=J1-0603 New Footprint=J1-0603
Change Physical Footprint: Designator=R22 Old Footprint=J1-0603 New Footprint=J1-0603
Change Physical Footprint: Designator=R23 Old Footprint=J1-0603 New Footprint=J1-0603
Change Physical Footprint: Designator=R24 Old Footprint=J1-0603 New Footprint=J1-0603
Change Physical Footprint: Designator=R25 Old Footprint=J1-0603 New Footprint=J1-0603
Change Physical Footprint: Designator=R26 Old Footprint=J1-0603 New Footprint=J1-0603
Change Physical Footprint: Designator=R27 Old Footprint=J1-0603 New Footprint=J1-0603
Change Physical Footprint: Designator=R28 Old Footprint=J1-0603 New Footprint=J1-0603
Change Physical Footprint: Designator=R29 Old Footprint=J1-0603 New Footprint=J1-0603
Change Physical Footprint: Designator=R30 Old Footprint=J1-0603 New Footprint=J1-0603
Change Physical Footprint: Designator=R31 Old Footprint=J1-0603 New Footprint=J1-0603
Change Physical Footprint: Designator=R32 Old Footprint=J1-0603 New Footprint=J1-0603
Change Physical Footprint: Designator=R33 Old Footprint=J1-0603 New Footprint=J1-0603
Change Physical Footprint: Designator=R36 Old Footprint=J1-0603 New Footprint=J1-0603
Change Physical Footprint: Designator=R37 Old Footprint=J1-0603 New Footprint=J1-0603
Change Physical Footprint: Designator=R38 Old Footprint=J1-0603 New Footprint=J1-0603
Change Physical Footprint: Designator=R39 Old Footprint=J1-0603 New Footprint=J1-0603
Change Physical Footprint: Designator=R40 Old Footprint=J1-0603 New Footprint=J1-0603
Change Physical Footprint: Designator=R41 Old Footprint=J1-0603 New Footprint=J1-0603
Change Physical Footprint: Designator=R42 Old Footprint=J1-0603 New Footprint=J1-0603
Change Physical Footprint: Designator=R43 Old Footprint=J1-0603 New Footprint=J1-0603
Change Physical Footprint: Designator=R44 Old Footprint=J1-0603 New Footprint=J1-0603
Change Physical Footprint: Designator=R45 Old Footprint=J1-0603 New Footprint=J1-0603
Change Physical Footprint: Designator=R46 Old Footprint=J1-0603 New Footprint=J1-0603
Change Physical Footprint: Designator=R47 Old Footprint=J1-0603 New Footprint=J1-0603
Change Physical Footprint: Designator=R48 Old Footprint=J1-0603 New Footprint=J1-0603
Change Physical Footprint: Designator=R49 Old Footprint=J1-0603 New Footprint=J1-0603
Change Physical Footprint: Designator=R50 Old Footprint=J1-0603 New Footprint=J1-0603
Change Physical Footprint: Designator=R51 Old Footprint=J1-0603 New Footprint=J1-0603
Change Physical Footprint: Designator=R52 Old Footprint=J1-0603 New Footprint=J1-0603
Change Physical Footprint: Designator=R53 Old Footprint=J1-0603 New Footprint=J1-0603
Change Physical Footprint: Designator=R54 Old Footprint=J1-0603 New Footprint=J1-0603
Change Physical Footprint: Designator=R56 Old Footprint=J1-0603 New Footprint=J1-0603
Change Physical Footprint: Designator=R57 Old Footprint=J1-0603 New Footprint=J1-0603
Change Physical Footprint: Designator=R58 Old Footprint=RESC6332 New Footprint=RESC6332
Change Physical Footprint: Designator=R60 Old Footprint=RESC6332 New Footprint=RESC6332
Change Physical Footprint: Designator=R61 Old Footprint=RESC6332 New Footprint=RESC6332
Change Physical Footprint: Designator=R62 Old Footprint=RESC6332 New Footprint=RESC6332
Change Physical Footprint: Designator=R63 Old Footprint=J1-0603 New Footprint=J1-0603
Change Physical Footprint: Designator=R64 Old Footprint=J1-0603 New Footprint=J1-0603
Change Physical Footprint: Designator=R65 Old Footprint=J1-0603 New Footprint=J1-0603
Change Physical Footprint: Designator=R66 Old Footprint=J1-0603 New Footprint=J1-0603
Change Physical Footprint: Designator=R67 Old Footprint=J1-0603 New Footprint=J1-0603
Change Physical Footprint: Designator=U1 Old Footprint=PQFP208 New Footprint=PQFP208
Change Physical Footprint: Designator=U9 Old Footprint=TI-PW16_M New Footprint=TI-PW16_M
Change Physical Footprint: Designator=U11 Old Footprint=TI-PW16_M New Footprint=TI-PW16_M
Change Physical Footprint: Designator=U20 Old Footprint=SIMM30 New Footprint=SIMM30
Change Physical Footprint: Designator=X2 Old Footprint=FX-3 New Footprint=FX-3
