Change Component Footprint: Designator=U9 Old Footprint=TI-PW16_M New Footprint=TI-PW16_M
Change Component Footprint: Designator=U11 Old Footprint=TI-PW16_M New Footprint=TI-PW16_M
Added Component: Designator=DISP1(PCB-1539121-1)
Add component. Clean all parameters for all variants
Added Pin To Net: NetName=NetC44_2 Pin=DISP1-1
Added Pin To Net: NetName=NetC45_2 Pin=DISP1-2
Added Pin To Net: NetName=NetC46_2 Pin=DISP1-3
Added Pin To Net: NetName=NetC47_2 Pin=DISP1-4
Added Pin To Net: NetName=NetC48_2 Pin=DISP1-5
Added Pin To Net: NetName=NetC42_1 Pin=DISP1-6
Added Pin To Net: NetName=NetC42_2 Pin=DISP1-7
Added Pin To Net: NetName=NetC40_1 Pin=DISP1-8
Added Pin To Net: NetName=NetC40_2 Pin=DISP1-9
Added Pin To Net: NetName=NetC39_1 Pin=DISP1-10
Added Pin To Net: NetName=GND Pin=DISP1-11
Added Pin To Net: NetName=3V Pin=DISP1-12
Added Pin To Net: NetName=NetDISP1_13 Pin=DISP1-13
Added Pin To Net: NetName=NetDISP1_14 Pin=DISP1-14
Added Pin To Net: NetName=NetDISP1_15 Pin=DISP1-15
Added Pin To Net: NetName=NetDISP1_16 Pin=DISP1-16
Added Pin To Net: NetName=NetDISP1_17 Pin=DISP1-17
Added Pin To Net: NetName=3V Pin=DISP1-18
Added Pin To Net: NetName=NetDISP1_19 Pin=DISP1-19
Added Member To Class: ClassName=Main Member=Component DISP1 Newhaven Display NHD-C12832A1Z-FSW-FBW-3V3
