rewrite LOG
55 F1 01 0E 
55 F1 00 00 0F 
set_connection
55 F0 01 0F FE FF 04 00 04 00 BA 00 01 00 00 AE 00 00 00 00 

55 F0 80 00 90 FE 00 00 00 00 AF 00 00 00 B2 00 00 00 00 00 

initialize_target
55 10 00 01 15 DA 04 00 04 00 BA 00 01 00 00 AE 00 00 00 00 

55 10 04 00 EC FE 00 00 00 00 AF 00 00 00 B2 00 00 00 00 00 

55 E1 1F 00 15 DA 04 00 04 00 BA 00 01 00 00 AE 00 00 00 00 

55 E1 04 00 01 00 00 00 00 00 00 00 00 00 00 00 00 00 00 00 

get_version
55 01 FF 00 15 DA 04 00 04 00 BA 00 01 00 00 AE 00 00 00 00 

55 01 04 00 30 44 01 52 20 03 00 00 11 00 00 00 00 00 00 00 

read_large_memory
55 41 FF FE 00 00 04 00 00 04 BA 00 01 00 00 AE 00 00 00 00 

55 41 04 00 FF FE 00 00 00 04 00 00 00 00 

write_large_memory
55 40 FF FE 00 00 04 00 00 00 04 80 00 00 00 

55 40 04 00 FF FE 00 00 BF 04 00 00 00 00 BA 00 00 00 00 00 

read_large_memory
55 41 FF FE 00 00 04 00 00 04 BA 80 00 00 00 3B 00 00 00 00 

55 41 04 00 FF FE 00 00 00 04 00 00 00 00 

write_large_memory
55 40 FF FE 00 00 04 00 00 00 04 01 00 00 00 

55 40 04 00 FF FE 00 00 BF 04 00 00 00 00 BA 00 00 00 00 00 

read_large_memory
55 41 FF FE 00 10 04 00 00 04 AA 01 00 00 00 BA 00 00 00 00 

55 41 04 00 FF FE 00 10 00 04 F0 00 00 00 

write_large_memory
55 40 FF FE 00 04 04 00 00 00 04 19 00 0E 00 

55 40 04 00 FF FE 00 04 BB 04 F0 00 00 00 BA 00 00 00 00 00 

read_large_memory
55 41 FF FE 00 04 04 00 00 04 B6 19 00 0E 00 90 00 00 00 00 

55 41 04 00 FF FE 00 04 00 04 19 00 0E 00 

read_large_memory
55 41 FF FE 00 10 04 00 00 04 AA 19 00 0E 00 90 00 00 00 00 

55 41 04 00 FF FE 00 10 00 04 F0 00 00 00 

write_large_memory
55 40 FF FE 00 00 04 00 00 00 04 01 00 00 00 

55 40 04 00 FF FE 00 00 BF 04 F0 00 00 00 BA 00 00 00 00 00 

read_large_memory
55 41 FF FE 00 10 04 00 00 04 AA 01 00 00 00 BA 00 00 00 00 

55 41 04 00 FF FE 00 10 00 04 F0 00 00 00 

read_large_memory
55 41 FF FE 01 00 04 00 00 04 B9 01 00 00 00 BA 00 00 00 00 

55 41 04 00 FF FE 01 00 00 04 00 00 00 00 

write_large_memory
55 40 FF FE 01 20 04 00 00 00 04 01 01 00 00 

55 40 04 00 FF FE 01 20 9E 04 00 00 00 00 B9 00 00 00 00 00 

read_large_memory
55 41 FF FE 01 24 04 00 00 04 95 01 01 00 00 98 00 00 00 00 

55 41 04 00 FF FE 01 24 00 04 01 01 00 00 

read_large_memory
55 41 FF FE 01 08 04 00 00 04 B1 01 01 00 00 98 00 00 00 00 

55 41 04 00 FF FE 01 08 00 04 00 00 00 00 

read_large_memory
55 41 FF FE 01 08 04 00 00 04 B1 01 01 00 00 98 00 00 00 00 

55 41 04 00 FF FE 01 08 00 04 00 00 00 00 

write_large_memory
55 40 FF FE 01 08 04 00 00 00 04 00 00 00 20 

55 40 04 00 FF FE 01 08 B6 04 00 00 00 00 B1 00 00 00 00 00 

read_large_memory
55 41 FF FE 01 08 04 00 00 04 B1 00 00 00 20 92 00 00 00 00 

55 41 04 00 FF FE 01 08 00 04 00 00 00 00 

write_large_memory
55 40 FF FE 01 0C 04 00 00 00 04 00 00 00 20 

55 40 04 00 FF FE 01 0C B2 04 00 00 00 00 B1 00 00 00 00 00 

write_large_memory
55 40 FF FE 01 0C 04 00 00 00 04 00 01 00 00 

55 40 04 00 FF FE 01 0C B2 04 00 00 00 00 B1 00 00 00 00 00 

read_large_memory
55 41 FF FE 01 0C 04 00 00 04 AD 00 01 00 00 AD 00 00 00 00 

55 41 04 00 FF FE 01 0C 00 04 00 00 00 00 

write_large_memory
55 40 FF FE 01 08 04 00 00 00 04 00 00 00 20 

55 40 04 00 FF FE 01 08 B6 04 00 00 00 00 AD 00 00 00 00 00 

read_large_memory
55 41 FF FE 01 08 04 00 00 04 B1 00 00 00 20 92 00 00 00 00 

55 41 04 00 FF FE 01 08 00 04 00 00 00 00 

read_large_memory
55 41 FF FD 01 08 04 00 00 04 B2 00 00 00 20 92 00 00 00 00 

55 41 04 00 FF FD 01 08 00 04 00 00 00 00 

write_large_memory
55 40 FF FD 01 08 04 00 00 00 04 00 00 00 20 

55 40 04 00 FF FD 01 08 B7 04 00 00 00 00 B2 00 00 00 00 00 

read_large_memory
55 41 FF FD 01 08 04 00 00 04 B2 00 00 00 20 93 00 00 00 00 

55 41 04 00 FF FD 01 08 00 04 00 00 00 00 

read_large_memory
55 41 FF FD 01 24 04 00 00 04 96 00 00 00 20 93 00 00 00 00 

55 41 04 00 FF FD 01 24 00 04 00 00 00 00 

read_large_memory
55 41 FF FE 01 24 04 00 00 04 95 00 00 00 20 93 00 00 00 00 

55 41 04 00 FF FE 01 24 00 04 01 01 00 00 

